[0.033s] Invoking command in '/home/brunofarias/turtlebot3_ws/build/turtlebot3_gazebo': CMAKE_PREFIX_PATH=${CMAKE_PREFIX_PATH}:/home/brunofarias/turtlebot3_ws/install/turtlebot3_teleop:/home/brunofarias/turtlebot3_ws/install/turtlebot3_example:/home/brunofarias/workspace/install/my_package:/home/brunofarias/workspace/install/custom_turtle:/opt/ros/galactic /usr/bin/cmake /home/brunofarias/turtlebot3_ws/src/turtlebot3/turtlebot3_simulations/turtlebot3_gazebo -DCMAKE_INSTALL_PREFIX=/home/brunofarias/turtlebot3_ws/install/turtlebot3_gazebo
[0.070s] -- Found ament_cmake: 1.1.5 (/opt/ros/galactic/share/ament_cmake/cmake)
[0.099s] -- Using PYTHON_EXECUTABLE: /usr/bin/python3
[0.192s] -- Override CMake install command with custom implementation using symlinks instead of copying resources
[0.605s] -- Found DART: /usr/include (Required is at least version "6.6") found components: dart 
[1.164s] -- Found Protobuf: /usr/lib/x86_64-linux-gnu/libprotobuf.so;-lpthread (found version "3.6.1") 
[1.256s] -- Looking for ignition-math6 -- found version 6.13.0
[1.385s] -- Searching for dependencies of ignition-math6
[1.426s] -- Looking for OGRE...
[1.465s] -- Found Ogre Ghadamon (1.9.0)
[1.479s] -- Found OGRE: optimized;/usr/lib/x86_64-linux-gnu/libOgreMain.so;debug;/usr/lib/x86_64-linux-gnu/libOgreMain.so
[1.492s] -- Looking for OGRE_Paging...
[1.493s] -- Found OGRE_Paging: optimized;/usr/lib/x86_64-linux-gnu/libOgrePaging.so;debug;/usr/lib/x86_64-linux-gnu/libOgrePaging.so
[1.494s] -- Looking for OGRE_Terrain...
[1.494s] -- Found OGRE_Terrain: optimized;/usr/lib/x86_64-linux-gnu/libOgreTerrain.so;debug;/usr/lib/x86_64-linux-gnu/libOgreTerrain.so
[1.495s] -- Looking for OGRE_Property...
[1.495s] -- Found OGRE_Property: optimized;/usr/lib/x86_64-linux-gnu/libOgreProperty.so;debug;/usr/lib/x86_64-linux-gnu/libOgreProperty.so
[1.495s] -- Looking for OGRE_RTShaderSystem...
[1.495s] -- Found OGRE_RTShaderSystem: optimized;/usr/lib/x86_64-linux-gnu/libOgreRTShaderSystem.so;debug;/usr/lib/x86_64-linux-gnu/libOgreRTShaderSystem.so
[1.495s] -- Looking for OGRE_Volume...
[1.495s] -- Found OGRE_Volume: optimized;/usr/lib/x86_64-linux-gnu/libOgreVolume.so;debug;/usr/lib/x86_64-linux-gnu/libOgreVolume.so
[1.495s] -- Looking for OGRE_Overlay...
[1.495s] -- Found OGRE_Overlay: optimized;/usr/lib/x86_64-linux-gnu/libOgreOverlay.so;debug;/usr/lib/x86_64-linux-gnu/libOgreOverlay.so
[1.775s] -- Looking for ignition-math6 -- found version 6.13.0
[1.813s] -- Looking for ignition-transport8 -- found version 8.3.0
[1.814s] -- Searching for dependencies of ignition-transport8
[1.835s] -- Found Protobuf: /usr/lib/x86_64-linux-gnu/libprotobuf.so;-lpthread (found suitable version "3.6.1", minimum required is "3") 
[1.846s] -- Config-file not installed for ZeroMQ -- checking for pkg-config
[1.851s] -- Checking for module 'libzmq >= 4'
[1.962s] --   Found libzmq , version 4.3.2
[2.035s] -- Checking for module 'uuid'
[2.071s] --   Found uuid, version 2.34.0
[2.186s] -- Looking for ignition-msgs5 -- found version 5.10.0
[2.186s] -- Searching for dependencies of ignition-msgs5
[2.203s] -- Looking for ignition-math6 -- found version 6.13.0
[2.208s] -- Checking for module 'tinyxml2'
[2.234s] --   Found tinyxml2, version 6.2.0
[2.282s] -- Looking for ignition-msgs5 -- found version 5.10.0
[2.311s] -- Looking for ignition-common3 -- found version 3.14.2
[2.312s] -- Searching for dependencies of ignition-common3
[2.312s] -- Looking for dlfcn.h - found
[2.312s] -- Looking for libdl - found
[2.323s] -- Searching for <ignition-common3> component [graphics]
[2.342s] -- Looking for ignition-common3-graphics -- found version 3.14.2
[2.342s] -- Searching for dependencies of ignition-common3-graphics
[2.343s] -- Looking for ignition-math6 -- found version 6.13.0
[2.348s] -- Looking for ignition-fuel_tools4 -- found version 4.6.0
[2.348s] -- Searching for dependencies of ignition-fuel_tools4
[2.425s] -- Checking for module 'jsoncpp'
[2.450s] --   Found jsoncpp, version 1.7.4
[2.515s] -- Checking for module 'libzip'
[2.548s] --   Found libzip, version 1.5.1
[2.594s] -- Looking for ignition-common3 -- found version 3.14.2
[2.594s] -- Looking for ignition-math6 -- found version 6.13.0
[2.595s] -- Looking for ignition-msgs5 -- found version 5.10.0
[2.648s] -- Found gazebo_ros_pkgs: 3.5.2 (/opt/ros/galactic/share/gazebo_ros_pkgs/cmake)
[2.649s] -- Found geometry_msgs: 2.2.4 (/opt/ros/galactic/share/geometry_msgs/cmake)
[2.655s] -- Using all available rosidl_typesupport_c: rosidl_typesupport_fastrtps_c;rosidl_typesupport_introspection_c
[2.659s] -- Found rosidl_adapter: 2.2.2 (/opt/ros/galactic/share/rosidl_adapter/cmake)
[2.791s] -- Using all available rosidl_typesupport_cpp: rosidl_typesupport_fastrtps_cpp;rosidl_typesupport_introspection_cpp
[2.977s] -- Found nav_msgs: 2.2.4 (/opt/ros/galactic/share/nav_msgs/cmake)
[3.087s] -- Found rclcpp: 9.2.1 (/opt/ros/galactic/share/rclcpp/cmake)
[3.149s] -- Found rmw_implementation_cmake: 3.3.1 (/opt/ros/galactic/share/rmw_implementation_cmake/cmake)
[3.152s] -- Found rmw_cyclonedds_cpp: 0.22.5 (/opt/ros/galactic/share/rmw_cyclonedds_cpp/cmake)
[3.174s] -- Using RMW implementation 'rmw_cyclonedds_cpp' as default
[3.323s] -- Found sensor_msgs: 2.2.4 (/opt/ros/galactic/share/sensor_msgs/cmake)
[3.440s] -- Found tf2: 0.17.4 (/opt/ros/galactic/share/tf2/cmake)
[3.562s] -- Configuring done
[3.711s] -- Generating done
[3.713s] -- Build files have been written to: /home/brunofarias/turtlebot3_ws/build/turtlebot3_gazebo
[3.731s] Invoked command in '/home/brunofarias/turtlebot3_ws/build/turtlebot3_gazebo' returned '0': CMAKE_PREFIX_PATH=${CMAKE_PREFIX_PATH}:/home/brunofarias/turtlebot3_ws/install/turtlebot3_teleop:/home/brunofarias/turtlebot3_ws/install/turtlebot3_example:/home/brunofarias/workspace/install/my_package:/home/brunofarias/workspace/install/custom_turtle:/opt/ros/galactic /usr/bin/cmake /home/brunofarias/turtlebot3_ws/src/turtlebot3/turtlebot3_simulations/turtlebot3_gazebo -DCMAKE_INSTALL_PREFIX=/home/brunofarias/turtlebot3_ws/install/turtlebot3_gazebo
[3.732s] Invoking command in '/home/brunofarias/turtlebot3_ws/build/turtlebot3_gazebo': CMAKE_PREFIX_PATH=${CMAKE_PREFIX_PATH}:/home/brunofarias/turtlebot3_ws/install/turtlebot3_teleop:/home/brunofarias/turtlebot3_ws/install/turtlebot3_example:/home/brunofarias/workspace/install/my_package:/home/brunofarias/workspace/install/custom_turtle:/opt/ros/galactic /usr/bin/cmake --build /home/brunofarias/turtlebot3_ws/build/turtlebot3_gazebo -- -j4 -l4
[3.941s] [ 25%] Built target turtlebot3_drive
[4.112s] [ 50%] Built target obstacles
[4.124s] [ 75%] Built target obstacle2
[4.129s] [100%] Built target obstacle1
[4.141s] Invoked command in '/home/brunofarias/turtlebot3_ws/build/turtlebot3_gazebo' returned '0': CMAKE_PREFIX_PATH=${CMAKE_PREFIX_PATH}:/home/brunofarias/turtlebot3_ws/install/turtlebot3_teleop:/home/brunofarias/turtlebot3_ws/install/turtlebot3_example:/home/brunofarias/workspace/install/my_package:/home/brunofarias/workspace/install/custom_turtle:/opt/ros/galactic /usr/bin/cmake --build /home/brunofarias/turtlebot3_ws/build/turtlebot3_gazebo -- -j4 -l4
[4.184s] Invoking command in '/home/brunofarias/turtlebot3_ws/build/turtlebot3_gazebo': CMAKE_PREFIX_PATH=${CMAKE_PREFIX_PATH}:/home/brunofarias/turtlebot3_ws/install/turtlebot3_teleop:/home/brunofarias/turtlebot3_ws/install/turtlebot3_example:/home/brunofarias/workspace/install/my_package:/home/brunofarias/workspace/install/custom_turtle:/opt/ros/galactic /usr/bin/cmake --install /home/brunofarias/turtlebot3_ws/build/turtlebot3_gazebo
[4.204s] -- Install configuration: ""
[4.205s] -- Execute custom install script
[4.206s] -- Up-to-date symlink: /home/brunofarias/turtlebot3_ws/install/turtlebot3_gazebo/lib/turtlebot3_gazebo/turtlebot3_drive
[4.207s] -- Up-to-date symlink: /home/brunofarias/turtlebot3_ws/install/turtlebot3_gazebo/share/turtlebot3_gazebo//launch/empty_world.launch.py
[4.207s] -- Up-to-date symlink: /home/brunofarias/turtlebot3_ws/install/turtlebot3_gazebo/share/turtlebot3_gazebo//launch/robot_state_publisher.launch.py
[4.208s] -- Up-to-date symlink: /home/brunofarias/turtlebot3_ws/install/turtlebot3_gazebo/share/turtlebot3_gazebo//launch/spawn_turtlebot3.launch.py
[4.209s] -- Up-to-date symlink: /home/brunofarias/turtlebot3_ws/install/turtlebot3_gazebo/share/turtlebot3_gazebo//launch/turtlebot3_dqn_stage1.launch.py
[4.211s] -- Up-to-date symlink: /home/brunofarias/turtlebot3_ws/install/turtlebot3_gazebo/share/turtlebot3_gazebo//launch/turtlebot3_dqn_stage2.launch.py
[4.212s] -- Up-to-date symlink: /home/brunofarias/turtlebot3_ws/install/turtlebot3_gazebo/share/turtlebot3_gazebo//launch/turtlebot3_dqn_stage3.launch.py
[4.212s] -- Up-to-date symlink: /home/brunofarias/turtlebot3_ws/install/turtlebot3_gazebo/share/turtlebot3_gazebo//launch/turtlebot3_dqn_stage4.launch.py
[4.212s] -- Up-to-date symlink: /home/brunofarias/turtlebot3_ws/install/turtlebot3_gazebo/share/turtlebot3_gazebo//launch/turtlebot3_house.launch.py
[4.212s] -- Up-to-date symlink: /home/brunofarias/turtlebot3_ws/install/turtlebot3_gazebo/share/turtlebot3_gazebo//launch/turtlebot3_world.launch.py
[4.214s] -- Up-to-date symlink: /home/brunofarias/turtlebot3_ws/install/turtlebot3_gazebo/share/turtlebot3_gazebo//models/turtlebot3_burger/model-1_4.sdf
[4.214s] -- Up-to-date symlink: /home/brunofarias/turtlebot3_ws/install/turtlebot3_gazebo/share/turtlebot3_gazebo//models/turtlebot3_burger/model.config
[4.214s] -- Up-to-date symlink: /home/brunofarias/turtlebot3_ws/install/turtlebot3_gazebo/share/turtlebot3_gazebo//models/turtlebot3_burger/model.sdf
[4.215s] -- Up-to-date symlink: /home/brunofarias/turtlebot3_ws/install/turtlebot3_gazebo/share/turtlebot3_gazebo//models/turtlebot3_common/meshes/burger_base.dae
[4.215s] -- Up-to-date symlink: /home/brunofarias/turtlebot3_ws/install/turtlebot3_gazebo/share/turtlebot3_gazebo//models/turtlebot3_common/meshes/lds.dae
[4.215s] -- Up-to-date symlink: /home/brunofarias/turtlebot3_ws/install/turtlebot3_gazebo/share/turtlebot3_gazebo//models/turtlebot3_common/meshes/r200.dae
[4.215s] -- Up-to-date symlink: /home/brunofarias/turtlebot3_ws/install/turtlebot3_gazebo/share/turtlebot3_gazebo//models/turtlebot3_common/meshes/tire.dae
[4.216s] -- Up-to-date symlink: /home/brunofarias/turtlebot3_ws/install/turtlebot3_gazebo/share/turtlebot3_gazebo//models/turtlebot3_common/meshes/waffle_base.dae
[4.216s] -- Up-to-date symlink: /home/brunofarias/turtlebot3_ws/install/turtlebot3_gazebo/share/turtlebot3_gazebo//models/turtlebot3_common/meshes/waffle_pi_base.dae
[4.216s] -- Up-to-date symlink: /home/brunofarias/turtlebot3_ws/install/turtlebot3_gazebo/share/turtlebot3_gazebo//models/turtlebot3_common/model.config
[4.217s] -- Up-to-date symlink: /home/brunofarias/turtlebot3_ws/install/turtlebot3_gazebo/share/turtlebot3_gazebo//models/turtlebot3_dqn_world/goal_box/model.config
[4.217s] -- Up-to-date symlink: /home/brunofarias/turtlebot3_ws/install/turtlebot3_gazebo/share/turtlebot3_gazebo//models/turtlebot3_dqn_world/goal_box/model.sdf
[4.217s] -- Up-to-date symlink: /home/brunofarias/turtlebot3_ws/install/turtlebot3_gazebo/share/turtlebot3_gazebo//models/turtlebot3_dqn_world/inner_walls/model.config
[4.218s] -- Up-to-date symlink: /home/brunofarias/turtlebot3_ws/install/turtlebot3_gazebo/share/turtlebot3_gazebo//models/turtlebot3_dqn_world/inner_walls/model.sdf
[4.218s] -- Up-to-date symlink: /home/brunofarias/turtlebot3_ws/install/turtlebot3_gazebo/share/turtlebot3_gazebo//models/turtlebot3_dqn_world/model.config
[4.218s] -- Up-to-date symlink: /home/brunofarias/turtlebot3_ws/install/turtlebot3_gazebo/share/turtlebot3_gazebo//models/turtlebot3_dqn_world/model.sdf
[4.219s] -- Up-to-date symlink: /home/brunofarias/turtlebot3_ws/install/turtlebot3_gazebo/share/turtlebot3_gazebo//models/turtlebot3_dqn_world/obstacle1/model.config
[4.219s] -- Up-to-date symlink: /home/brunofarias/turtlebot3_ws/install/turtlebot3_gazebo/share/turtlebot3_gazebo//models/turtlebot3_dqn_world/obstacle1/model.sdf
[4.219s] -- Up-to-date symlink: /home/brunofarias/turtlebot3_ws/install/turtlebot3_gazebo/share/turtlebot3_gazebo//models/turtlebot3_dqn_world/obstacle2/model.config
[4.220s] -- Up-to-date symlink: /home/brunofarias/turtlebot3_ws/install/turtlebot3_gazebo/share/turtlebot3_gazebo//models/turtlebot3_dqn_world/obstacle2/model.sdf
[4.220s] -- Up-to-date symlink: /home/brunofarias/turtlebot3_ws/install/turtlebot3_gazebo/share/turtlebot3_gazebo//models/turtlebot3_dqn_world/obstacle_plugin/CMakeLists.txt
[4.220s] -- Up-to-date symlink: /home/brunofarias/turtlebot3_ws/install/turtlebot3_gazebo/share/turtlebot3_gazebo//models/turtlebot3_dqn_world/obstacle_plugin/obstacle1.cc
[4.221s] -- Up-to-date symlink: /home/brunofarias/turtlebot3_ws/install/turtlebot3_gazebo/share/turtlebot3_gazebo//models/turtlebot3_dqn_world/obstacle_plugin/obstacle2.cc
[4.221s] -- Up-to-date symlink: /home/brunofarias/turtlebot3_ws/install/turtlebot3_gazebo/share/turtlebot3_gazebo//models/turtlebot3_dqn_world/obstacle_plugin/obstacles.cc
[4.221s] -- Up-to-date symlink: /home/brunofarias/turtlebot3_ws/install/turtlebot3_gazebo/share/turtlebot3_gazebo//models/turtlebot3_dqn_world/obstacles/model.config
[4.222s] -- Up-to-date symlink: /home/brunofarias/turtlebot3_ws/install/turtlebot3_gazebo/share/turtlebot3_gazebo//models/turtlebot3_dqn_world/obstacles/model.sdf
[4.222s] -- Up-to-date symlink: /home/brunofarias/turtlebot3_ws/install/turtlebot3_gazebo/share/turtlebot3_gazebo//models/turtlebot3_house/model.config
[4.223s] -- Up-to-date symlink: /home/brunofarias/turtlebot3_ws/install/turtlebot3_gazebo/share/turtlebot3_gazebo//models/turtlebot3_house/model.sdf
[4.223s] -- Up-to-date symlink: /home/brunofarias/turtlebot3_ws/install/turtlebot3_gazebo/share/turtlebot3_gazebo//models/turtlebot3_waffle/model-1_4.sdf
[4.223s] -- Up-to-date symlink: /home/brunofarias/turtlebot3_ws/install/turtlebot3_gazebo/share/turtlebot3_gazebo//models/turtlebot3_waffle/model.config
[4.224s] -- Up-to-date symlink: /home/brunofarias/turtlebot3_ws/install/turtlebot3_gazebo/share/turtlebot3_gazebo//models/turtlebot3_waffle/model.sdf
[4.224s] -- Up-to-date symlink: /home/brunofarias/turtlebot3_ws/install/turtlebot3_gazebo/share/turtlebot3_gazebo//models/turtlebot3_waffle_pi/model-1_4_.sdf
[4.224s] -- Up-to-date symlink: /home/brunofarias/turtlebot3_ws/install/turtlebot3_gazebo/share/turtlebot3_gazebo//models/turtlebot3_waffle_pi/model.config
[4.225s] -- Up-to-date symlink: /home/brunofarias/turtlebot3_ws/install/turtlebot3_gazebo/share/turtlebot3_gazebo//models/turtlebot3_waffle_pi/model.sdf
[4.225s] -- Up-to-date symlink: /home/brunofarias/turtlebot3_ws/install/turtlebot3_gazebo/share/turtlebot3_gazebo//models/turtlebot3_world/meshes/hexagon.dae
[4.225s] -- Up-to-date symlink: /home/brunofarias/turtlebot3_ws/install/turtlebot3_gazebo/share/turtlebot3_gazebo//models/turtlebot3_world/meshes/wall.dae
[4.226s] -- Up-to-date symlink: /home/brunofarias/turtlebot3_ws/install/turtlebot3_gazebo/share/turtlebot3_gazebo//models/turtlebot3_world/model-1_4.sdf
[4.226s] -- Up-to-date symlink: /home/brunofarias/turtlebot3_ws/install/turtlebot3_gazebo/share/turtlebot3_gazebo//models/turtlebot3_world/model.config
[4.226s] -- Up-to-date symlink: /home/brunofarias/turtlebot3_ws/install/turtlebot3_gazebo/share/turtlebot3_gazebo//models/turtlebot3_world/model.sdf
[4.227s] -- Up-to-date symlink: /home/brunofarias/turtlebot3_ws/install/turtlebot3_gazebo/share/turtlebot3_gazebo//rviz/tb3_gazebo.rviz
[4.228s] -- Up-to-date symlink: /home/brunofarias/turtlebot3_ws/install/turtlebot3_gazebo/share/turtlebot3_gazebo//urdf/common_properties.urdf
[4.228s] -- Up-to-date symlink: /home/brunofarias/turtlebot3_ws/install/turtlebot3_gazebo/share/turtlebot3_gazebo//urdf/turtlebot3_burger.urdf
[4.228s] -- Up-to-date symlink: /home/brunofarias/turtlebot3_ws/install/turtlebot3_gazebo/share/turtlebot3_gazebo//urdf/turtlebot3_waffle.urdf
[4.229s] -- Up-to-date symlink: /home/brunofarias/turtlebot3_ws/install/turtlebot3_gazebo/share/turtlebot3_gazebo//urdf/turtlebot3_waffle_pi.urdf
[4.229s] -- Up-to-date symlink: /home/brunofarias/turtlebot3_ws/install/turtlebot3_gazebo/share/turtlebot3_gazebo//worlds/empty_world.world
[4.229s] -- Up-to-date symlink: /home/brunofarias/turtlebot3_ws/install/turtlebot3_gazebo/share/turtlebot3_gazebo//worlds/turtlebot3_dqn_stage1.world
[4.230s] -- Up-to-date symlink: /home/brunofarias/turtlebot3_ws/install/turtlebot3_gazebo/share/turtlebot3_gazebo//worlds/turtlebot3_dqn_stage2.world
[4.230s] -- Up-to-date symlink: /home/brunofarias/turtlebot3_ws/install/turtlebot3_gazebo/share/turtlebot3_gazebo//worlds/turtlebot3_dqn_stage3.world
[4.230s] -- Up-to-date symlink: /home/brunofarias/turtlebot3_ws/install/turtlebot3_gazebo/share/turtlebot3_gazebo//worlds/turtlebot3_dqn_stage4.world
[4.231s] -- Up-to-date symlink: /home/brunofarias/turtlebot3_ws/install/turtlebot3_gazebo/share/turtlebot3_gazebo//worlds/turtlebot3_house.world
[4.231s] -- Up-to-date symlink: /home/brunofarias/turtlebot3_ws/install/turtlebot3_gazebo/share/turtlebot3_gazebo//worlds/turtlebot3_world.world
[4.233s] -- Up-to-date symlink: /home/brunofarias/turtlebot3_ws/install/turtlebot3_gazebo/include//turtlebot3_gazebo/turtlebot3_drive.hpp
[4.233s] -- Up-to-date symlink: /home/brunofarias/turtlebot3_ws/install/turtlebot3_gazebo/share/ament_index/resource_index/package_run_dependencies/turtlebot3_gazebo
[4.234s] -- Up-to-date symlink: /home/brunofarias/turtlebot3_ws/install/turtlebot3_gazebo/share/ament_index/resource_index/parent_prefix_path/turtlebot3_gazebo
[4.234s] -- Up-to-date symlink: /home/brunofarias/turtlebot3_ws/install/turtlebot3_gazebo/share/turtlebot3_gazebo/environment/ament_prefix_path.sh
[4.235s] -- Up-to-date symlink: /home/brunofarias/turtlebot3_ws/install/turtlebot3_gazebo/share/turtlebot3_gazebo/environment/ament_prefix_path.dsv
[4.235s] -- Up-to-date symlink: /home/brunofarias/turtlebot3_ws/install/turtlebot3_gazebo/share/turtlebot3_gazebo/environment/path.sh
[4.236s] -- Up-to-date symlink: /home/brunofarias/turtlebot3_ws/install/turtlebot3_gazebo/share/turtlebot3_gazebo/environment/path.dsv
[4.236s] -- Up-to-date symlink: /home/brunofarias/turtlebot3_ws/install/turtlebot3_gazebo/share/turtlebot3_gazebo/local_setup.bash
[4.237s] -- Up-to-date symlink: /home/brunofarias/turtlebot3_ws/install/turtlebot3_gazebo/share/turtlebot3_gazebo/local_setup.sh
[4.237s] -- Up-to-date symlink: /home/brunofarias/turtlebot3_ws/install/turtlebot3_gazebo/share/turtlebot3_gazebo/local_setup.zsh
[4.237s] -- Up-to-date symlink: /home/brunofarias/turtlebot3_ws/install/turtlebot3_gazebo/share/turtlebot3_gazebo/local_setup.dsv
[4.238s] -- Symlinking: /home/brunofarias/turtlebot3_ws/install/turtlebot3_gazebo/share/turtlebot3_gazebo/package.dsv
[4.251s] -- Up-to-date symlink: /home/brunofarias/turtlebot3_ws/install/turtlebot3_gazebo/share/ament_index/resource_index/packages/turtlebot3_gazebo
[4.251s] -- Up-to-date symlink: /home/brunofarias/turtlebot3_ws/install/turtlebot3_gazebo/share/turtlebot3_gazebo/cmake/ament_cmake_export_include_directories-extras.cmake
[4.251s] -- Up-to-date symlink: /home/brunofarias/turtlebot3_ws/install/turtlebot3_gazebo/share/turtlebot3_gazebo/cmake/ament_cmake_export_dependencies-extras.cmake
[4.252s] -- Up-to-date symlink: /home/brunofarias/turtlebot3_ws/install/turtlebot3_gazebo/share/turtlebot3_gazebo/cmake/turtlebot3_gazeboConfig.cmake
[4.252s] -- Up-to-date symlink: /home/brunofarias/turtlebot3_ws/install/turtlebot3_gazebo/share/turtlebot3_gazebo/cmake/turtlebot3_gazeboConfig-version.cmake
[4.252s] -- Up-to-date symlink: /home/brunofarias/turtlebot3_ws/install/turtlebot3_gazebo/share/turtlebot3_gazebo/package.xml
[4.261s] Invoked command in '/home/brunofarias/turtlebot3_ws/build/turtlebot3_gazebo' returned '0': CMAKE_PREFIX_PATH=${CMAKE_PREFIX_PATH}:/home/brunofarias/turtlebot3_ws/install/turtlebot3_teleop:/home/brunofarias/turtlebot3_ws/install/turtlebot3_example:/home/brunofarias/workspace/install/my_package:/home/brunofarias/workspace/install/custom_turtle:/opt/ros/galactic /usr/bin/cmake --install /home/brunofarias/turtlebot3_ws/build/turtlebot3_gazebo
