[0.857s] Invoking command in '/home/brunofarias/turtlebot3_ws/build/turtlebot3_teleop': PYTHONPATH=/home/brunofarias/turtlebot3_ws/install/turtlebot3_teleop/lib/python3.8/site-packages:${PYTHONPATH} /usr/bin/python3 setup.py develop --prefix /home/brunofarias/turtlebot3_ws/install/turtlebot3_teleop --editable --build-directory /home/brunofarias/turtlebot3_ws/build/turtlebot3_teleop/build --no-deps install_data --install-dir /home/brunofarias/turtlebot3_ws/install/turtlebot3_teleop
[1.328s] running develop
[1.518s] running egg_info
[1.518s] creating turtlebot3_teleop.egg-info
[1.521s] writing turtlebot3_teleop.egg-info/PKG-INFO
[1.521s] writing dependency_links to turtlebot3_teleop.egg-info/dependency_links.txt
[1.521s] writing entry points to turtlebot3_teleop.egg-info/entry_points.txt
[1.521s] writing requirements to turtlebot3_teleop.egg-info/requires.txt
[1.521s] writing top-level names to turtlebot3_teleop.egg-info/top_level.txt
[1.522s] writing manifest file 'turtlebot3_teleop.egg-info/SOURCES.txt'
[1.553s] reading manifest file 'turtlebot3_teleop.egg-info/SOURCES.txt'
[1.554s] writing manifest file 'turtlebot3_teleop.egg-info/SOURCES.txt'
[1.591s] running build_ext
[1.599s] Creating /home/brunofarias/turtlebot3_ws/install/turtlebot3_teleop/lib/python3.8/site-packages/site.py
[1.601s] Creating /home/brunofarias/turtlebot3_ws/install/turtlebot3_teleop/lib/python3.8/site-packages/turtlebot3-teleop.egg-link (link to .)
[1.602s] Installing teleop_keyboard script to /home/brunofarias/turtlebot3_ws/install/turtlebot3_teleop/lib/turtlebot3_teleop
[1.602s] 
[1.602s] Installed /home/brunofarias/turtlebot3_ws/build/turtlebot3_teleop
[1.602s] running install_data
[1.602s] creating /home/brunofarias/turtlebot3_ws/install/turtlebot3_teleop/share/ament_index
[1.602s] creating /home/brunofarias/turtlebot3_ws/install/turtlebot3_teleop/share/ament_index/resource_index
[1.602s] creating /home/brunofarias/turtlebot3_ws/install/turtlebot3_teleop/share/ament_index/resource_index/packages
[1.603s] copying resource/turtlebot3_teleop -> /home/brunofarias/turtlebot3_ws/install/turtlebot3_teleop/share/ament_index/resource_index/packages
[1.603s] copying package.xml -> /home/brunofarias/turtlebot3_ws/install/turtlebot3_teleop/share/turtlebot3_teleop
[1.653s] Invoked command in '/home/brunofarias/turtlebot3_ws/build/turtlebot3_teleop' returned '0': PYTHONPATH=/home/brunofarias/turtlebot3_ws/install/turtlebot3_teleop/lib/python3.8/site-packages:${PYTHONPATH} /usr/bin/python3 setup.py develop --prefix /home/brunofarias/turtlebot3_ws/install/turtlebot3_teleop --editable --build-directory /home/brunofarias/turtlebot3_ws/build/turtlebot3_teleop/build --no-deps install_data --install-dir /home/brunofarias/turtlebot3_ws/install/turtlebot3_teleop
