[0.044s] Invoking command in '/home/brunofarias/turtlebot3_ws/build/turtlebot3_bringup': AMENT_PREFIX_PATH=/home/brunofarias/turtlebot3_ws/install/turtlebot3_node:/home/brunofarias/turtlebot3_ws/install/turtlebot3_msgs:/home/brunofarias/turtlebot3_ws/install/turtlebot3_description:/home/brunofarias/turtlebot3_ws/install/hls_lfcd_lds_driver:/home/brunofarias/turtlebot3_ws/install/dynamixel_sdk:${AMENT_PREFIX_PATH} CMAKE_PREFIX_PATH=/home/brunofarias/turtlebot3_ws/install/turtlebot3_node:/home/brunofarias/turtlebot3_ws/install/turtlebot3_msgs:/home/brunofarias/turtlebot3_ws/install/turtlebot3_description:/home/brunofarias/turtlebot3_ws/install/hls_lfcd_lds_driver:/home/brunofarias/turtlebot3_ws/install/dynamixel_sdk:/opt/ros/galactic LD_LIBRARY_PATH=/home/brunofarias/turtlebot3_ws/install/turtlebot3_msgs/lib:/home/brunofarias/turtlebot3_ws/install/dynamixel_sdk/lib:${LD_LIBRARY_PATH} PYTHONPATH=/home/brunofarias/turtlebot3_ws/install/turtlebot3_msgs/lib/python3.8/site-packages:${PYTHONPATH} /usr/bin/cmake --build /home/brunofarias/turtlebot3_ws/build/turtlebot3_bringup -- -j4 -l4
[0.129s] Invoked command in '/home/brunofarias/turtlebot3_ws/build/turtlebot3_bringup' returned '0': AMENT_PREFIX_PATH=/home/brunofarias/turtlebot3_ws/install/turtlebot3_node:/home/brunofarias/turtlebot3_ws/install/turtlebot3_msgs:/home/brunofarias/turtlebot3_ws/install/turtlebot3_description:/home/brunofarias/turtlebot3_ws/install/hls_lfcd_lds_driver:/home/brunofarias/turtlebot3_ws/install/dynamixel_sdk:${AMENT_PREFIX_PATH} CMAKE_PREFIX_PATH=/home/brunofarias/turtlebot3_ws/install/turtlebot3_node:/home/brunofarias/turtlebot3_ws/install/turtlebot3_msgs:/home/brunofarias/turtlebot3_ws/install/turtlebot3_description:/home/brunofarias/turtlebot3_ws/install/hls_lfcd_lds_driver:/home/brunofarias/turtlebot3_ws/install/dynamixel_sdk:/opt/ros/galactic LD_LIBRARY_PATH=/home/brunofarias/turtlebot3_ws/install/turtlebot3_msgs/lib:/home/brunofarias/turtlebot3_ws/install/dynamixel_sdk/lib:${LD_LIBRARY_PATH} PYTHONPATH=/home/brunofarias/turtlebot3_ws/install/turtlebot3_msgs/lib/python3.8/site-packages:${PYTHONPATH} /usr/bin/cmake --build /home/brunofarias/turtlebot3_ws/build/turtlebot3_bringup -- -j4 -l4
[0.185s] Invoking command in '/home/brunofarias/turtlebot3_ws/build/turtlebot3_bringup': AMENT_PREFIX_PATH=/home/brunofarias/turtlebot3_ws/install/turtlebot3_node:/home/brunofarias/turtlebot3_ws/install/turtlebot3_msgs:/home/brunofarias/turtlebot3_ws/install/turtlebot3_description:/home/brunofarias/turtlebot3_ws/install/hls_lfcd_lds_driver:/home/brunofarias/turtlebot3_ws/install/dynamixel_sdk:${AMENT_PREFIX_PATH} CMAKE_PREFIX_PATH=/home/brunofarias/turtlebot3_ws/install/turtlebot3_node:/home/brunofarias/turtlebot3_ws/install/turtlebot3_msgs:/home/brunofarias/turtlebot3_ws/install/turtlebot3_description:/home/brunofarias/turtlebot3_ws/install/hls_lfcd_lds_driver:/home/brunofarias/turtlebot3_ws/install/dynamixel_sdk:/opt/ros/galactic LD_LIBRARY_PATH=/home/brunofarias/turtlebot3_ws/install/turtlebot3_msgs/lib:/home/brunofarias/turtlebot3_ws/install/dynamixel_sdk/lib:${LD_LIBRARY_PATH} PYTHONPATH=/home/brunofarias/turtlebot3_ws/install/turtlebot3_msgs/lib/python3.8/site-packages:${PYTHONPATH} /usr/bin/cmake --install /home/brunofarias/turtlebot3_ws/build/turtlebot3_bringup
[0.196s] -- Install configuration: ""
[0.196s] -- Execute custom install script
[0.199s] -- Up-to-date symlink: /home/brunofarias/turtlebot3_ws/install/turtlebot3_bringup/share/turtlebot3_bringup/launch/robot.launch.py
[0.199s] -- Up-to-date symlink: /home/brunofarias/turtlebot3_ws/install/turtlebot3_bringup/share/turtlebot3_bringup/launch/rviz2.launch.py
[0.199s] -- Up-to-date symlink: /home/brunofarias/turtlebot3_ws/install/turtlebot3_bringup/share/turtlebot3_bringup/launch/turtlebot3_state_publisher.launch.py
[0.199s] -- Up-to-date symlink: /home/brunofarias/turtlebot3_ws/install/turtlebot3_bringup/share/turtlebot3_bringup/param/burger.yaml
[0.199s] -- Up-to-date symlink: /home/brunofarias/turtlebot3_ws/install/turtlebot3_bringup/share/turtlebot3_bringup/param/waffle.yaml
[0.199s] -- Up-to-date symlink: /home/brunofarias/turtlebot3_ws/install/turtlebot3_bringup/share/turtlebot3_bringup/param/waffle_pi.yaml
[0.200s] -- Up-to-date symlink: /home/brunofarias/turtlebot3_ws/install/turtlebot3_bringup/share/ament_index/resource_index/package_run_dependencies/turtlebot3_bringup
[0.200s] -- Up-to-date symlink: /home/brunofarias/turtlebot3_ws/install/turtlebot3_bringup/share/ament_index/resource_index/parent_prefix_path/turtlebot3_bringup
[0.200s] -- Up-to-date symlink: /home/brunofarias/turtlebot3_ws/install/turtlebot3_bringup/share/turtlebot3_bringup/environment/ament_prefix_path.sh
[0.200s] -- Up-to-date symlink: /home/brunofarias/turtlebot3_ws/install/turtlebot3_bringup/share/turtlebot3_bringup/environment/ament_prefix_path.dsv
[0.201s] -- Up-to-date symlink: /home/brunofarias/turtlebot3_ws/install/turtlebot3_bringup/share/turtlebot3_bringup/environment/path.sh
[0.201s] -- Up-to-date symlink: /home/brunofarias/turtlebot3_ws/install/turtlebot3_bringup/share/turtlebot3_bringup/environment/path.dsv
[0.201s] -- Up-to-date symlink: /home/brunofarias/turtlebot3_ws/install/turtlebot3_bringup/share/turtlebot3_bringup/local_setup.bash
[0.202s] -- Up-to-date symlink: /home/brunofarias/turtlebot3_ws/install/turtlebot3_bringup/share/turtlebot3_bringup/local_setup.sh
[0.202s] -- Up-to-date symlink: /home/brunofarias/turtlebot3_ws/install/turtlebot3_bringup/share/turtlebot3_bringup/local_setup.zsh
[0.202s] -- Up-to-date symlink: /home/brunofarias/turtlebot3_ws/install/turtlebot3_bringup/share/turtlebot3_bringup/local_setup.dsv
[0.203s] -- Symlinking: /home/brunofarias/turtlebot3_ws/install/turtlebot3_bringup/share/turtlebot3_bringup/package.dsv
[0.214s] -- Up-to-date symlink: /home/brunofarias/turtlebot3_ws/install/turtlebot3_bringup/share/ament_index/resource_index/packages/turtlebot3_bringup
[0.214s] -- Up-to-date symlink: /home/brunofarias/turtlebot3_ws/install/turtlebot3_bringup/share/turtlebot3_bringup/cmake/turtlebot3_bringupConfig.cmake
[0.214s] -- Up-to-date symlink: /home/brunofarias/turtlebot3_ws/install/turtlebot3_bringup/share/turtlebot3_bringup/cmake/turtlebot3_bringupConfig-version.cmake
[0.215s] -- Up-to-date symlink: /home/brunofarias/turtlebot3_ws/install/turtlebot3_bringup/share/turtlebot3_bringup/package.xml
[0.226s] Invoked command in '/home/brunofarias/turtlebot3_ws/build/turtlebot3_bringup' returned '0': AMENT_PREFIX_PATH=/home/brunofarias/turtlebot3_ws/install/turtlebot3_node:/home/brunofarias/turtlebot3_ws/install/turtlebot3_msgs:/home/brunofarias/turtlebot3_ws/install/turtlebot3_description:/home/brunofarias/turtlebot3_ws/install/hls_lfcd_lds_driver:/home/brunofarias/turtlebot3_ws/install/dynamixel_sdk:${AMENT_PREFIX_PATH} CMAKE_PREFIX_PATH=/home/brunofarias/turtlebot3_ws/install/turtlebot3_node:/home/brunofarias/turtlebot3_ws/install/turtlebot3_msgs:/home/brunofarias/turtlebot3_ws/install/turtlebot3_description:/home/brunofarias/turtlebot3_ws/install/hls_lfcd_lds_driver:/home/brunofarias/turtlebot3_ws/install/dynamixel_sdk:/opt/ros/galactic LD_LIBRARY_PATH=/home/brunofarias/turtlebot3_ws/install/turtlebot3_msgs/lib:/home/brunofarias/turtlebot3_ws/install/dynamixel_sdk/lib:${LD_LIBRARY_PATH} PYTHONPATH=/home/brunofarias/turtlebot3_ws/install/turtlebot3_msgs/lib/python3.8/site-packages:${PYTHONPATH} /usr/bin/cmake --install /home/brunofarias/turtlebot3_ws/build/turtlebot3_bringup
