running egg_info
creating ../../build/pkg_laser/pkg_laser.egg-info
writing ../../build/pkg_laser/pkg_laser.egg-info/PKG-INFO
writing dependency_links to ../../build/pkg_laser/pkg_laser.egg-info/dependency_links.txt
writing entry points to ../../build/pkg_laser/pkg_laser.egg-info/entry_points.txt
writing requirements to ../../build/pkg_laser/pkg_laser.egg-info/requires.txt
writing top-level names to ../../build/pkg_laser/pkg_laser.egg-info/top_level.txt
writing manifest file '../../build/pkg_laser/pkg_laser.egg-info/SOURCES.txt'
reading manifest file '../../build/pkg_laser/pkg_laser.egg-info/SOURCES.txt'
writing manifest file '../../build/pkg_laser/pkg_laser.egg-info/SOURCES.txt'
running build
running build_py
creating /home/brunofarias/turtlebot3_ws/build/pkg_laser/build
creating /home/brunofarias/turtlebot3_ws/build/pkg_laser/build/lib
creating /home/brunofarias/turtlebot3_ws/build/pkg_laser/build/lib/pkg_laser
copying pkg_laser/__init__.py -> /home/brunofarias/turtlebot3_ws/build/pkg_laser/build/lib/pkg_laser
copying pkg_laser/node_laser.py -> /home/brunofarias/turtlebot3_ws/build/pkg_laser/build/lib/pkg_laser
running install
running install_lib
creating /home/brunofarias/turtlebot3_ws/install/pkg_laser/lib/python3.8/site-packages/pkg_laser
copying /home/brunofarias/turtlebot3_ws/build/pkg_laser/build/lib/pkg_laser/__init__.py -> /home/brunofarias/turtlebot3_ws/install/pkg_laser/lib/python3.8/site-packages/pkg_laser
copying /home/brunofarias/turtlebot3_ws/build/pkg_laser/build/lib/pkg_laser/node_laser.py -> /home/brunofarias/turtlebot3_ws/install/pkg_laser/lib/python3.8/site-packages/pkg_laser
byte-compiling /home/brunofarias/turtlebot3_ws/install/pkg_laser/lib/python3.8/site-packages/pkg_laser/__init__.py to __init__.cpython-38.pyc
byte-compiling /home/brunofarias/turtlebot3_ws/install/pkg_laser/lib/python3.8/site-packages/pkg_laser/node_laser.py to node_laser.cpython-38.pyc
running install_data
creating /home/brunofarias/turtlebot3_ws/install/pkg_laser/share/ament_index
creating /home/brunofarias/turtlebot3_ws/install/pkg_laser/share/ament_index/resource_index
creating /home/brunofarias/turtlebot3_ws/install/pkg_laser/share/ament_index/resource_index/packages
copying resource/pkg_laser -> /home/brunofarias/turtlebot3_ws/install/pkg_laser/share/ament_index/resource_index/packages
copying package.xml -> /home/brunofarias/turtlebot3_ws/install/pkg_laser/share/pkg_laser
running install_egg_info
Copying ../../build/pkg_laser/pkg_laser.egg-info to /home/brunofarias/turtlebot3_ws/install/pkg_laser/lib/python3.8/site-packages/pkg_laser-0.0.0-py3.8.egg-info
running install_scripts
Installing node_laser script to /home/brunofarias/turtlebot3_ws/install/pkg_laser/lib/pkg_laser
writing list of installed files to '/home/brunofarias/turtlebot3_ws/build/pkg_laser/install.log'
