[0.814s] Invoking command in '/home/brunofarias/turtlebot3_ws/src/pkg_laser': PYTHONPATH=/home/brunofarias/turtlebot3_ws/install/pkg_laser/lib/python3.8/site-packages:${PYTHONPATH} /usr/bin/python3 setup.py egg_info --egg-base ../../build/pkg_laser build --build-base /home/brunofarias/turtlebot3_ws/build/pkg_laser/build install --prefix /home/brunofarias/turtlebot3_ws/install/pkg_laser --record /home/brunofarias/turtlebot3_ws/build/pkg_laser/install.log --single-version-externally-managed
[1.066s] running egg_info
[1.067s] creating ../../build/pkg_laser/pkg_laser.egg-info
[1.067s] writing ../../build/pkg_laser/pkg_laser.egg-info/PKG-INFO
[1.067s] writing dependency_links to ../../build/pkg_laser/pkg_laser.egg-info/dependency_links.txt
[1.067s] writing entry points to ../../build/pkg_laser/pkg_laser.egg-info/entry_points.txt
[1.068s] writing requirements to ../../build/pkg_laser/pkg_laser.egg-info/requires.txt
[1.068s] writing top-level names to ../../build/pkg_laser/pkg_laser.egg-info/top_level.txt
[1.069s] writing manifest file '../../build/pkg_laser/pkg_laser.egg-info/SOURCES.txt'
[1.104s] reading manifest file '../../build/pkg_laser/pkg_laser.egg-info/SOURCES.txt'
[1.105s] writing manifest file '../../build/pkg_laser/pkg_laser.egg-info/SOURCES.txt'
[1.105s] running build
[1.105s] running build_py
[1.105s] creating /home/brunofarias/turtlebot3_ws/build/pkg_laser/build
[1.105s] creating /home/brunofarias/turtlebot3_ws/build/pkg_laser/build/lib
[1.105s] creating /home/brunofarias/turtlebot3_ws/build/pkg_laser/build/lib/pkg_laser
[1.105s] copying pkg_laser/__init__.py -> /home/brunofarias/turtlebot3_ws/build/pkg_laser/build/lib/pkg_laser
[1.105s] copying pkg_laser/node_laser.py -> /home/brunofarias/turtlebot3_ws/build/pkg_laser/build/lib/pkg_laser
[1.105s] running install
[1.106s] running install_lib
[1.107s] creating /home/brunofarias/turtlebot3_ws/install/pkg_laser/lib/python3.8/site-packages/pkg_laser
[1.107s] copying /home/brunofarias/turtlebot3_ws/build/pkg_laser/build/lib/pkg_laser/__init__.py -> /home/brunofarias/turtlebot3_ws/install/pkg_laser/lib/python3.8/site-packages/pkg_laser
[1.107s] copying /home/brunofarias/turtlebot3_ws/build/pkg_laser/build/lib/pkg_laser/node_laser.py -> /home/brunofarias/turtlebot3_ws/install/pkg_laser/lib/python3.8/site-packages/pkg_laser
[1.108s] byte-compiling /home/brunofarias/turtlebot3_ws/install/pkg_laser/lib/python3.8/site-packages/pkg_laser/__init__.py to __init__.cpython-38.pyc
[1.109s] byte-compiling /home/brunofarias/turtlebot3_ws/install/pkg_laser/lib/python3.8/site-packages/pkg_laser/node_laser.py to node_laser.cpython-38.pyc
[1.109s] running install_data
[1.110s] creating /home/brunofarias/turtlebot3_ws/install/pkg_laser/share/ament_index
[1.110s] creating /home/brunofarias/turtlebot3_ws/install/pkg_laser/share/ament_index/resource_index
[1.110s] creating /home/brunofarias/turtlebot3_ws/install/pkg_laser/share/ament_index/resource_index/packages
[1.110s] copying resource/pkg_laser -> /home/brunofarias/turtlebot3_ws/install/pkg_laser/share/ament_index/resource_index/packages
[1.110s] copying package.xml -> /home/brunofarias/turtlebot3_ws/install/pkg_laser/share/pkg_laser
[1.110s] running install_egg_info
[1.115s] Copying ../../build/pkg_laser/pkg_laser.egg-info to /home/brunofarias/turtlebot3_ws/install/pkg_laser/lib/python3.8/site-packages/pkg_laser-0.0.0-py3.8.egg-info
[1.115s] running install_scripts
[1.131s] Installing node_laser script to /home/brunofarias/turtlebot3_ws/install/pkg_laser/lib/pkg_laser
[1.131s] writing list of installed files to '/home/brunofarias/turtlebot3_ws/build/pkg_laser/install.log'
[1.167s] Invoked command in '/home/brunofarias/turtlebot3_ws/src/pkg_laser' returned '0': PYTHONPATH=/home/brunofarias/turtlebot3_ws/install/pkg_laser/lib/python3.8/site-packages:${PYTHONPATH} /usr/bin/python3 setup.py egg_info --egg-base ../../build/pkg_laser build --build-base /home/brunofarias/turtlebot3_ws/build/pkg_laser/build install --prefix /home/brunofarias/turtlebot3_ws/install/pkg_laser --record /home/brunofarias/turtlebot3_ws/build/pkg_laser/install.log --single-version-externally-managed
