[0.109s] Invoking command in '/home/brunofarias/turtlebot3_ws/build/turtlebot3_node': AMENT_PREFIX_PATH=/home/brunofarias/turtlebot3_ws/install/turtlebot3_msgs:/home/brunofarias/turtlebot3_ws/install/dynamixel_sdk:${AMENT_PREFIX_PATH} CMAKE_PREFIX_PATH=/home/brunofarias/turtlebot3_ws/install/turtlebot3_msgs:/home/brunofarias/turtlebot3_ws/install/dynamixel_sdk:/home/brunofarias/workspace/install/my_package:/home/brunofarias/workspace/install/custom_turtle:/opt/ros/galactic LD_LIBRARY_PATH=/home/brunofarias/turtlebot3_ws/install/turtlebot3_msgs/lib:/home/brunofarias/turtlebot3_ws/install/dynamixel_sdk/lib:${LD_LIBRARY_PATH} PYTHONPATH=/home/brunofarias/turtlebot3_ws/install/turtlebot3_msgs/lib/python3.8/site-packages:${PYTHONPATH} /usr/bin/cmake /home/brunofarias/turtlebot3_ws/src/turtlebot3/turtlebot3/turtlebot3_node -DAMENT_CMAKE_SYMLINK_INSTALL=1 -DCMAKE_INSTALL_PREFIX=/home/brunofarias/turtlebot3_ws/install/turtlebot3_node
[0.338s] -- The C compiler identification is GNU 9.4.0
[0.512s] -- The CXX compiler identification is GNU 9.4.0
[0.523s] -- Check for working C compiler: /usr/bin/cc
[0.874s] -- Check for working C compiler: /usr/bin/cc -- works
[0.878s] -- Detecting C compiler ABI info
[1.199s] -- Detecting C compiler ABI info - done
[1.222s] -- Detecting C compile features
[1.222s] -- Detecting C compile features - done
[1.225s] -- Check for working CXX compiler: /usr/bin/c++
[1.552s] -- Check for working CXX compiler: /usr/bin/c++ -- works
[1.553s] -- Detecting CXX compiler ABI info
[1.912s] -- Detecting CXX compiler ABI info - done
[1.940s] -- Detecting CXX compile features
[1.941s] -- Detecting CXX compile features - done
[1.944s] -- Found ament_cmake: 1.1.5 (/opt/ros/galactic/share/ament_cmake/cmake)
[2.032s] -- Found PythonInterp: /usr/bin/python3 (found suitable version "3.8.10", minimum required is "3") 
[2.033s] -- Using PYTHON_EXECUTABLE: /usr/bin/python3
[2.212s] -- Override CMake install command with custom implementation using symlinks instead of copying resources
[2.281s] -- Found dynamixel_sdk: 3.7.40 (/home/brunofarias/turtlebot3_ws/install/dynamixel_sdk/share/dynamixel_sdk/cmake)
[2.295s] -- Found geometry_msgs: 2.2.4 (/opt/ros/galactic/share/geometry_msgs/cmake)
[2.395s] -- Using all available rosidl_typesupport_c: rosidl_typesupport_fastrtps_c;rosidl_typesupport_introspection_c
[2.407s] -- Found rosidl_adapter: 2.2.2 (/opt/ros/galactic/share/rosidl_adapter/cmake)
[2.526s] -- Found OpenSSL: /usr/lib/x86_64-linux-gnu/libcrypto.so (found version "1.1.1f")  
[2.553s] -- Found FastRTPS: /opt/ros/galactic/include  
[2.651s] -- Using all available rosidl_typesupport_cpp: rosidl_typesupport_fastrtps_cpp;rosidl_typesupport_introspection_cpp
[2.909s] -- Found message_filters: 3.2.6 (/opt/ros/galactic/share/message_filters/cmake)
[3.049s] -- Found rmw_implementation_cmake: 3.3.1 (/opt/ros/galactic/share/rmw_implementation_cmake/cmake)
[3.052s] -- Found rmw_cyclonedds_cpp: 0.22.5 (/opt/ros/galactic/share/rmw_cyclonedds_cpp/cmake)
[3.103s] -- Using RMW implementation 'rmw_cyclonedds_cpp' as default
[3.104s] -- Looking for pthread.h
[3.446s] -- Looking for pthread.h - found
[3.446s] -- Performing Test CMAKE_HAVE_LIBC_PTHREAD
[3.828s] -- Performing Test CMAKE_HAVE_LIBC_PTHREAD - Failed
[3.828s] -- Looking for pthread_create in pthreads
[4.166s] -- Looking for pthread_create in pthreads - not found
[4.167s] -- Looking for pthread_create in pthread
[4.552s] -- Looking for pthread_create in pthread - found
[4.553s] -- Found Threads: TRUE  
[4.897s] -- Found nav_msgs: 2.2.4 (/opt/ros/galactic/share/nav_msgs/cmake)
[5.070s] -- Found sensor_msgs: 2.2.4 (/opt/ros/galactic/share/sensor_msgs/cmake)
[5.263s] -- Found std_srvs: 2.2.4 (/opt/ros/galactic/share/std_srvs/cmake)
[5.286s] -- Found tf2: 0.17.4 (/opt/ros/galactic/share/tf2/cmake)
[5.328s] -- Found tf2_ros: 0.17.4 (/opt/ros/galactic/share/tf2_ros/cmake)
[6.147s] -- Found turtlebot3_msgs: 2.2.2 (/home/brunofarias/turtlebot3_ws/install/turtlebot3_msgs/share/turtlebot3_msgs/cmake)
[6.535s] -- Configuring done
[6.571s] -- Generating done
[6.577s] -- Build files have been written to: /home/brunofarias/turtlebot3_ws/build/turtlebot3_node
[6.609s] Invoked command in '/home/brunofarias/turtlebot3_ws/build/turtlebot3_node' returned '0': AMENT_PREFIX_PATH=/home/brunofarias/turtlebot3_ws/install/turtlebot3_msgs:/home/brunofarias/turtlebot3_ws/install/dynamixel_sdk:${AMENT_PREFIX_PATH} CMAKE_PREFIX_PATH=/home/brunofarias/turtlebot3_ws/install/turtlebot3_msgs:/home/brunofarias/turtlebot3_ws/install/dynamixel_sdk:/home/brunofarias/workspace/install/my_package:/home/brunofarias/workspace/install/custom_turtle:/opt/ros/galactic LD_LIBRARY_PATH=/home/brunofarias/turtlebot3_ws/install/turtlebot3_msgs/lib:/home/brunofarias/turtlebot3_ws/install/dynamixel_sdk/lib:${LD_LIBRARY_PATH} PYTHONPATH=/home/brunofarias/turtlebot3_ws/install/turtlebot3_msgs/lib/python3.8/site-packages:${PYTHONPATH} /usr/bin/cmake /home/brunofarias/turtlebot3_ws/src/turtlebot3/turtlebot3/turtlebot3_node -DAMENT_CMAKE_SYMLINK_INSTALL=1 -DCMAKE_INSTALL_PREFIX=/home/brunofarias/turtlebot3_ws/install/turtlebot3_node
[6.610s] Invoking command in '/home/brunofarias/turtlebot3_ws/build/turtlebot3_node': AMENT_PREFIX_PATH=/home/brunofarias/turtlebot3_ws/install/turtlebot3_msgs:/home/brunofarias/turtlebot3_ws/install/dynamixel_sdk:${AMENT_PREFIX_PATH} CMAKE_PREFIX_PATH=/home/brunofarias/turtlebot3_ws/install/turtlebot3_msgs:/home/brunofarias/turtlebot3_ws/install/dynamixel_sdk:/home/brunofarias/workspace/install/my_package:/home/brunofarias/workspace/install/custom_turtle:/opt/ros/galactic LD_LIBRARY_PATH=/home/brunofarias/turtlebot3_ws/install/turtlebot3_msgs/lib:/home/brunofarias/turtlebot3_ws/install/dynamixel_sdk/lib:${LD_LIBRARY_PATH} PYTHONPATH=/home/brunofarias/turtlebot3_ws/install/turtlebot3_msgs/lib/python3.8/site-packages:${PYTHONPATH} /usr/bin/cmake --build /home/brunofarias/turtlebot3_ws/build/turtlebot3_node -- -j4 -l4
[6.757s] [35m[1mScanning dependencies of target turtlebot3_node_lib[0m
[7.088s] [  7%] [32mBuilding CXX object CMakeFiles/turtlebot3_node_lib.dir/src/devices/motor_power.cpp.o[0m
[7.113s] [ 14%] [32mBuilding CXX object CMakeFiles/turtlebot3_node_lib.dir/src/devices/sound.cpp.o[0m
[7.120s] [ 28%] [32mBuilding CXX object CMakeFiles/turtlebot3_node_lib.dir/src/diff_drive_controller.cpp.o[0m
[7.120s] [ 21%] [32mBuilding CXX object CMakeFiles/turtlebot3_node_lib.dir/src/devices/reset.cpp.o[0m
[14.322s] [ 35%] [32mBuilding CXX object CMakeFiles/turtlebot3_node_lib.dir/src/dynamixel_sdk_wrapper.cpp.o[0m
[14.483s] [ 42%] [32mBuilding CXX object CMakeFiles/turtlebot3_node_lib.dir/src/odometry.cpp.o[0m
[14.998s] [ 50%] [32mBuilding CXX object CMakeFiles/turtlebot3_node_lib.dir/src/turtlebot3.cpp.o[0m
[15.014s] [ 57%] [32mBuilding CXX object CMakeFiles/turtlebot3_node_lib.dir/src/sensors/battery_state.cpp.o[0m
[15.617s] [ 64%] [32mBuilding CXX object CMakeFiles/turtlebot3_node_lib.dir/src/sensors/imu.cpp.o[0m
[20.818s] [ 71%] [32mBuilding CXX object CMakeFiles/turtlebot3_node_lib.dir/src/sensors/joint_state.cpp.o[0m
[29.873s] [ 78%] [32mBuilding CXX object CMakeFiles/turtlebot3_node_lib.dir/src/sensors/sensor_state.cpp.o[0m
[33.454s] [ 85%] [32m[1mLinking CXX static library libturtlebot3_node_lib.a[0m
[34.527s] [ 85%] Built target turtlebot3_node_lib
[34.565s] [35m[1mScanning dependencies of target turtlebot3_ros[0m
[34.621s] [ 92%] [32mBuilding CXX object CMakeFiles/turtlebot3_ros.dir/src/node_main.cpp.o[0m
[37.362s] [100%] [32m[1mLinking CXX executable turtlebot3_ros[0m
[38.842s] [100%] Built target turtlebot3_ros
[38.853s] Invoked command in '/home/brunofarias/turtlebot3_ws/build/turtlebot3_node' returned '0': AMENT_PREFIX_PATH=/home/brunofarias/turtlebot3_ws/install/turtlebot3_msgs:/home/brunofarias/turtlebot3_ws/install/dynamixel_sdk:${AMENT_PREFIX_PATH} CMAKE_PREFIX_PATH=/home/brunofarias/turtlebot3_ws/install/turtlebot3_msgs:/home/brunofarias/turtlebot3_ws/install/dynamixel_sdk:/home/brunofarias/workspace/install/my_package:/home/brunofarias/workspace/install/custom_turtle:/opt/ros/galactic LD_LIBRARY_PATH=/home/brunofarias/turtlebot3_ws/install/turtlebot3_msgs/lib:/home/brunofarias/turtlebot3_ws/install/dynamixel_sdk/lib:${LD_LIBRARY_PATH} PYTHONPATH=/home/brunofarias/turtlebot3_ws/install/turtlebot3_msgs/lib/python3.8/site-packages:${PYTHONPATH} /usr/bin/cmake --build /home/brunofarias/turtlebot3_ws/build/turtlebot3_node -- -j4 -l4
[38.896s] Invoking command in '/home/brunofarias/turtlebot3_ws/build/turtlebot3_node': AMENT_PREFIX_PATH=/home/brunofarias/turtlebot3_ws/install/turtlebot3_msgs:/home/brunofarias/turtlebot3_ws/install/dynamixel_sdk:${AMENT_PREFIX_PATH} CMAKE_PREFIX_PATH=/home/brunofarias/turtlebot3_ws/install/turtlebot3_msgs:/home/brunofarias/turtlebot3_ws/install/dynamixel_sdk:/home/brunofarias/workspace/install/my_package:/home/brunofarias/workspace/install/custom_turtle:/opt/ros/galactic LD_LIBRARY_PATH=/home/brunofarias/turtlebot3_ws/install/turtlebot3_msgs/lib:/home/brunofarias/turtlebot3_ws/install/dynamixel_sdk/lib:${LD_LIBRARY_PATH} PYTHONPATH=/home/brunofarias/turtlebot3_ws/install/turtlebot3_msgs/lib/python3.8/site-packages:${PYTHONPATH} /usr/bin/cmake --install /home/brunofarias/turtlebot3_ws/build/turtlebot3_node
[38.904s] -- Install configuration: ""
[38.905s] -- Execute custom install script
[38.905s] -- Symlinking: /home/brunofarias/turtlebot3_ws/install/turtlebot3_node/share/turtlebot3_node/param/burger.yaml
[38.914s] -- Symlinking: /home/brunofarias/turtlebot3_ws/install/turtlebot3_node/share/turtlebot3_node/param/waffle.yaml
[38.923s] -- Symlinking: /home/brunofarias/turtlebot3_ws/install/turtlebot3_node/share/turtlebot3_node/param/waffle_pi.yaml
[38.932s] -- Symlinking: /home/brunofarias/turtlebot3_ws/install/turtlebot3_node/lib/turtlebot3_node/turtlebot3_ros
[38.941s] -- Symlinking: /home/brunofarias/turtlebot3_ws/install/turtlebot3_node/share/ament_index/resource_index/package_run_dependencies/turtlebot3_node
[38.950s] -- Symlinking: /home/brunofarias/turtlebot3_ws/install/turtlebot3_node/share/ament_index/resource_index/parent_prefix_path/turtlebot3_node
[38.959s] -- Symlinking: /home/brunofarias/turtlebot3_ws/install/turtlebot3_node/share/turtlebot3_node/environment/ament_prefix_path.sh
[38.968s] -- Symlinking: /home/brunofarias/turtlebot3_ws/install/turtlebot3_node/share/turtlebot3_node/environment/ament_prefix_path.dsv
[38.977s] -- Symlinking: /home/brunofarias/turtlebot3_ws/install/turtlebot3_node/share/turtlebot3_node/environment/path.sh
[38.986s] -- Symlinking: /home/brunofarias/turtlebot3_ws/install/turtlebot3_node/share/turtlebot3_node/environment/path.dsv
[38.995s] -- Symlinking: /home/brunofarias/turtlebot3_ws/install/turtlebot3_node/share/turtlebot3_node/local_setup.bash
[39.004s] -- Symlinking: /home/brunofarias/turtlebot3_ws/install/turtlebot3_node/share/turtlebot3_node/local_setup.sh
[39.013s] -- Symlinking: /home/brunofarias/turtlebot3_ws/install/turtlebot3_node/share/turtlebot3_node/local_setup.zsh
[39.021s] -- Symlinking: /home/brunofarias/turtlebot3_ws/install/turtlebot3_node/share/turtlebot3_node/local_setup.dsv
[39.030s] -- Symlinking: /home/brunofarias/turtlebot3_ws/install/turtlebot3_node/share/turtlebot3_node/package.dsv
[39.039s] -- Symlinking: /home/brunofarias/turtlebot3_ws/install/turtlebot3_node/share/ament_index/resource_index/packages/turtlebot3_node
[39.048s] -- Symlinking: /home/brunofarias/turtlebot3_ws/install/turtlebot3_node/share/turtlebot3_node/cmake/ament_cmake_export_include_directories-extras.cmake
[39.057s] -- Symlinking: /home/brunofarias/turtlebot3_ws/install/turtlebot3_node/share/turtlebot3_node/cmake/turtlebot3_nodeConfig.cmake
[39.066s] -- Symlinking: /home/brunofarias/turtlebot3_ws/install/turtlebot3_node/share/turtlebot3_node/cmake/turtlebot3_nodeConfig-version.cmake
[39.075s] -- Symlinking: /home/brunofarias/turtlebot3_ws/install/turtlebot3_node/share/turtlebot3_node/package.xml
[39.086s] Invoked command in '/home/brunofarias/turtlebot3_ws/build/turtlebot3_node' returned '0': AMENT_PREFIX_PATH=/home/brunofarias/turtlebot3_ws/install/turtlebot3_msgs:/home/brunofarias/turtlebot3_ws/install/dynamixel_sdk:${AMENT_PREFIX_PATH} CMAKE_PREFIX_PATH=/home/brunofarias/turtlebot3_ws/install/turtlebot3_msgs:/home/brunofarias/turtlebot3_ws/install/dynamixel_sdk:/home/brunofarias/workspace/install/my_package:/home/brunofarias/workspace/install/custom_turtle:/opt/ros/galactic LD_LIBRARY_PATH=/home/brunofarias/turtlebot3_ws/install/turtlebot3_msgs/lib:/home/brunofarias/turtlebot3_ws/install/dynamixel_sdk/lib:${LD_LIBRARY_PATH} PYTHONPATH=/home/brunofarias/turtlebot3_ws/install/turtlebot3_msgs/lib/python3.8/site-packages:${PYTHONPATH} /usr/bin/cmake --install /home/brunofarias/turtlebot3_ws/build/turtlebot3_node
