[0.077s] Invoking command in '/home/brunofarias/turtlebot3_ws/build/dynamixel_sdk_examples': AMENT_PREFIX_PATH=/home/brunofarias/turtlebot3_ws/install/dynamixel_sdk_custom_interfaces:/home/brunofarias/turtlebot3_ws/install/dynamixel_sdk:${AMENT_PREFIX_PATH} CMAKE_PREFIX_PATH=/home/brunofarias/turtlebot3_ws/install/dynamixel_sdk_custom_interfaces:/home/brunofarias/turtlebot3_ws/install/dynamixel_sdk:/home/brunofarias/workspace/install/my_package:/home/brunofarias/workspace/install/custom_turtle:/opt/ros/galactic LD_LIBRARY_PATH=/home/brunofarias/turtlebot3_ws/install/dynamixel_sdk_custom_interfaces/lib:/home/brunofarias/turtlebot3_ws/install/dynamixel_sdk/lib:${LD_LIBRARY_PATH} PYTHONPATH=/home/brunofarias/turtlebot3_ws/install/dynamixel_sdk_custom_interfaces/lib/python3.8/site-packages:${PYTHONPATH} /usr/bin/cmake /home/brunofarias/turtlebot3_ws/src/utils/DynamixelSDK/dynamixel_sdk_examples -DAMENT_CMAKE_SYMLINK_INSTALL=1 -DCMAKE_INSTALL_PREFIX=/home/brunofarias/turtlebot3_ws/install/dynamixel_sdk_examples
[0.214s] -- The C compiler identification is GNU 9.4.0
[0.291s] -- The CXX compiler identification is GNU 9.4.0
[0.300s] -- Check for working C compiler: /usr/bin/cc
[0.427s] -- Check for working C compiler: /usr/bin/cc -- works
[0.428s] -- Detecting C compiler ABI info
[0.555s] -- Detecting C compiler ABI info - done
[0.569s] -- Detecting C compile features
[0.570s] -- Detecting C compile features - done
[0.579s] -- Check for working CXX compiler: /usr/bin/c++
[0.773s] -- Check for working CXX compiler: /usr/bin/c++ -- works
[0.773s] -- Detecting CXX compiler ABI info
[0.987s] -- Detecting CXX compiler ABI info - done
[1.003s] -- Detecting CXX compile features
[1.004s] -- Detecting CXX compile features - done
[1.006s] -- Found ament_cmake: 1.1.5 (/opt/ros/galactic/share/ament_cmake/cmake)
[1.039s] -- Found PythonInterp: /usr/bin/python3 (found suitable version "3.8.10", minimum required is "3") 
[1.039s] -- Using PYTHON_EXECUTABLE: /usr/bin/python3
[1.106s] -- Override CMake install command with custom implementation using symlinks instead of copying resources
[1.133s] -- Found dynamixel_sdk: 3.7.40 (/home/brunofarias/turtlebot3_ws/install/dynamixel_sdk/share/dynamixel_sdk/cmake)
[1.142s] -- Found dynamixel_sdk_custom_interfaces: 3.7.40 (/home/brunofarias/turtlebot3_ws/install/dynamixel_sdk_custom_interfaces/share/dynamixel_sdk_custom_interfaces/cmake)
[1.179s] -- Using all available rosidl_typesupport_c: rosidl_typesupport_fastrtps_c;rosidl_typesupport_introspection_c
[1.192s] -- Found rosidl_adapter: 2.2.2 (/opt/ros/galactic/share/rosidl_adapter/cmake)
[1.310s] -- Found OpenSSL: /usr/lib/x86_64-linux-gnu/libcrypto.so (found version "1.1.1f")  
[1.348s] -- Found FastRTPS: /opt/ros/galactic/include  
[1.524s] -- Using all available rosidl_typesupport_cpp: rosidl_typesupport_fastrtps_cpp;rosidl_typesupport_introspection_cpp
[1.609s] -- Found rclcpp: 9.2.1 (/opt/ros/galactic/share/rclcpp/cmake)
[1.670s] -- Found rmw_implementation_cmake: 3.3.1 (/opt/ros/galactic/share/rmw_implementation_cmake/cmake)
[1.673s] -- Found rmw_cyclonedds_cpp: 0.22.5 (/opt/ros/galactic/share/rmw_cyclonedds_cpp/cmake)
[1.696s] -- Using RMW implementation 'rmw_cyclonedds_cpp' as default
[1.698s] -- Looking for pthread.h
[2.040s] -- Looking for pthread.h - found
[2.043s] -- Performing Test CMAKE_HAVE_LIBC_PTHREAD
[2.163s] -- Performing Test CMAKE_HAVE_LIBC_PTHREAD - Failed
[2.164s] -- Looking for pthread_create in pthreads
[2.330s] -- Looking for pthread_create in pthreads - not found
[2.330s] -- Looking for pthread_create in pthread
[2.600s] -- Looking for pthread_create in pthread - found
[2.601s] -- Found Threads: TRUE  
[2.819s] -- Found ament_lint_auto: 0.10.7 (/opt/ros/galactic/share/ament_lint_auto/cmake)
[3.024s] -- Added test 'copyright' to check source files copyright and LICENSE
[3.026s] -- Added test 'cppcheck' to perform static code analysis on C / C++ code
[3.026s] -- Configured cppcheck include dirs: /home/brunofarias/turtlebot3_ws/src/utils/DynamixelSDK/dynamixel_sdk_examples/include
[3.027s] -- Configured cppcheck exclude dirs and/or files: 
[3.032s] -- Added test 'cpplint' to check C / C++ code against the Google style
[3.032s] -- Configured cpplint exclude dirs and/or files: 
[3.044s] -- Added test 'lint_cmake' to check CMake code style
[3.057s] -- Added test 'uncrustify' to check C / C++ code style
[3.057s] -- Configured uncrustify additional arguments: 
[3.058s] -- Added test 'xmllint' to check XML markup files
[3.062s] -- Configuring done
[3.075s] -- Generating done
[3.084s] -- Build files have been written to: /home/brunofarias/turtlebot3_ws/build/dynamixel_sdk_examples
[3.101s] Invoked command in '/home/brunofarias/turtlebot3_ws/build/dynamixel_sdk_examples' returned '0': AMENT_PREFIX_PATH=/home/brunofarias/turtlebot3_ws/install/dynamixel_sdk_custom_interfaces:/home/brunofarias/turtlebot3_ws/install/dynamixel_sdk:${AMENT_PREFIX_PATH} CMAKE_PREFIX_PATH=/home/brunofarias/turtlebot3_ws/install/dynamixel_sdk_custom_interfaces:/home/brunofarias/turtlebot3_ws/install/dynamixel_sdk:/home/brunofarias/workspace/install/my_package:/home/brunofarias/workspace/install/custom_turtle:/opt/ros/galactic LD_LIBRARY_PATH=/home/brunofarias/turtlebot3_ws/install/dynamixel_sdk_custom_interfaces/lib:/home/brunofarias/turtlebot3_ws/install/dynamixel_sdk/lib:${LD_LIBRARY_PATH} PYTHONPATH=/home/brunofarias/turtlebot3_ws/install/dynamixel_sdk_custom_interfaces/lib/python3.8/site-packages:${PYTHONPATH} /usr/bin/cmake /home/brunofarias/turtlebot3_ws/src/utils/DynamixelSDK/dynamixel_sdk_examples -DAMENT_CMAKE_SYMLINK_INSTALL=1 -DCMAKE_INSTALL_PREFIX=/home/brunofarias/turtlebot3_ws/install/dynamixel_sdk_examples
[3.102s] Invoking command in '/home/brunofarias/turtlebot3_ws/build/dynamixel_sdk_examples': AMENT_PREFIX_PATH=/home/brunofarias/turtlebot3_ws/install/dynamixel_sdk_custom_interfaces:/home/brunofarias/turtlebot3_ws/install/dynamixel_sdk:${AMENT_PREFIX_PATH} CMAKE_PREFIX_PATH=/home/brunofarias/turtlebot3_ws/install/dynamixel_sdk_custom_interfaces:/home/brunofarias/turtlebot3_ws/install/dynamixel_sdk:/home/brunofarias/workspace/install/my_package:/home/brunofarias/workspace/install/custom_turtle:/opt/ros/galactic LD_LIBRARY_PATH=/home/brunofarias/turtlebot3_ws/install/dynamixel_sdk_custom_interfaces/lib:/home/brunofarias/turtlebot3_ws/install/dynamixel_sdk/lib:${LD_LIBRARY_PATH} PYTHONPATH=/home/brunofarias/turtlebot3_ws/install/dynamixel_sdk_custom_interfaces/lib/python3.8/site-packages:${PYTHONPATH} /usr/bin/cmake --build /home/brunofarias/turtlebot3_ws/build/dynamixel_sdk_examples -- -j4 -l4
[3.309s] [35m[1mScanning dependencies of target read_write_node[0m
[3.410s] [ 50%] [32mBuilding CXX object CMakeFiles/read_write_node.dir/src/read_write_node.cpp.o[0m
[19.379s] [100%] [32m[1mLinking CXX executable read_write_node[0m
[20.270s] [100%] Built target read_write_node
[20.307s] Invoked command in '/home/brunofarias/turtlebot3_ws/build/dynamixel_sdk_examples' returned '0': AMENT_PREFIX_PATH=/home/brunofarias/turtlebot3_ws/install/dynamixel_sdk_custom_interfaces:/home/brunofarias/turtlebot3_ws/install/dynamixel_sdk:${AMENT_PREFIX_PATH} CMAKE_PREFIX_PATH=/home/brunofarias/turtlebot3_ws/install/dynamixel_sdk_custom_interfaces:/home/brunofarias/turtlebot3_ws/install/dynamixel_sdk:/home/brunofarias/workspace/install/my_package:/home/brunofarias/workspace/install/custom_turtle:/opt/ros/galactic LD_LIBRARY_PATH=/home/brunofarias/turtlebot3_ws/install/dynamixel_sdk_custom_interfaces/lib:/home/brunofarias/turtlebot3_ws/install/dynamixel_sdk/lib:${LD_LIBRARY_PATH} PYTHONPATH=/home/brunofarias/turtlebot3_ws/install/dynamixel_sdk_custom_interfaces/lib/python3.8/site-packages:${PYTHONPATH} /usr/bin/cmake --build /home/brunofarias/turtlebot3_ws/build/dynamixel_sdk_examples -- -j4 -l4
[20.576s] Invoking command in '/home/brunofarias/turtlebot3_ws/build/dynamixel_sdk_examples': AMENT_PREFIX_PATH=/home/brunofarias/turtlebot3_ws/install/dynamixel_sdk_custom_interfaces:/home/brunofarias/turtlebot3_ws/install/dynamixel_sdk:${AMENT_PREFIX_PATH} CMAKE_PREFIX_PATH=/home/brunofarias/turtlebot3_ws/install/dynamixel_sdk_custom_interfaces:/home/brunofarias/turtlebot3_ws/install/dynamixel_sdk:/home/brunofarias/workspace/install/my_package:/home/brunofarias/workspace/install/custom_turtle:/opt/ros/galactic LD_LIBRARY_PATH=/home/brunofarias/turtlebot3_ws/install/dynamixel_sdk_custom_interfaces/lib:/home/brunofarias/turtlebot3_ws/install/dynamixel_sdk/lib:${LD_LIBRARY_PATH} PYTHONPATH=/home/brunofarias/turtlebot3_ws/install/dynamixel_sdk_custom_interfaces/lib/python3.8/site-packages:${PYTHONPATH} /usr/bin/cmake --install /home/brunofarias/turtlebot3_ws/build/dynamixel_sdk_examples
[20.627s] -- Install configuration: ""
[20.627s] -- Execute custom install script
[20.641s] -- Symlinking: /home/brunofarias/turtlebot3_ws/install/dynamixel_sdk_examples/lib/dynamixel_sdk_examples/read_write_node
[20.666s] -- Symlinking: /home/brunofarias/turtlebot3_ws/install/dynamixel_sdk_examples/share/ament_index/resource_index/package_run_dependencies/dynamixel_sdk_examples
[20.701s] -- Symlinking: /home/brunofarias/turtlebot3_ws/install/dynamixel_sdk_examples/share/ament_index/resource_index/parent_prefix_path/dynamixel_sdk_examples
[20.737s] -- Symlinking: /home/brunofarias/turtlebot3_ws/install/dynamixel_sdk_examples/share/dynamixel_sdk_examples/environment/ament_prefix_path.sh
[20.777s] -- Symlinking: /home/brunofarias/turtlebot3_ws/install/dynamixel_sdk_examples/share/dynamixel_sdk_examples/environment/ament_prefix_path.dsv
[20.809s] -- Symlinking: /home/brunofarias/turtlebot3_ws/install/dynamixel_sdk_examples/share/dynamixel_sdk_examples/environment/path.sh
[20.844s] -- Symlinking: /home/brunofarias/turtlebot3_ws/install/dynamixel_sdk_examples/share/dynamixel_sdk_examples/environment/path.dsv
[20.878s] -- Symlinking: /home/brunofarias/turtlebot3_ws/install/dynamixel_sdk_examples/share/dynamixel_sdk_examples/local_setup.bash
[20.908s] -- Symlinking: /home/brunofarias/turtlebot3_ws/install/dynamixel_sdk_examples/share/dynamixel_sdk_examples/local_setup.sh
[20.944s] -- Symlinking: /home/brunofarias/turtlebot3_ws/install/dynamixel_sdk_examples/share/dynamixel_sdk_examples/local_setup.zsh
[20.980s] -- Symlinking: /home/brunofarias/turtlebot3_ws/install/dynamixel_sdk_examples/share/dynamixel_sdk_examples/local_setup.dsv
[21.015s] -- Symlinking: /home/brunofarias/turtlebot3_ws/install/dynamixel_sdk_examples/share/dynamixel_sdk_examples/package.dsv
[21.049s] -- Symlinking: /home/brunofarias/turtlebot3_ws/install/dynamixel_sdk_examples/share/ament_index/resource_index/packages/dynamixel_sdk_examples
[21.084s] -- Symlinking: /home/brunofarias/turtlebot3_ws/install/dynamixel_sdk_examples/share/dynamixel_sdk_examples/cmake/dynamixel_sdk_examplesConfig.cmake
[21.128s] -- Symlinking: /home/brunofarias/turtlebot3_ws/install/dynamixel_sdk_examples/share/dynamixel_sdk_examples/cmake/dynamixel_sdk_examplesConfig-version.cmake
[21.164s] -- Symlinking: /home/brunofarias/turtlebot3_ws/install/dynamixel_sdk_examples/share/dynamixel_sdk_examples/package.xml
[21.214s] Invoked command in '/home/brunofarias/turtlebot3_ws/build/dynamixel_sdk_examples' returned '0': AMENT_PREFIX_PATH=/home/brunofarias/turtlebot3_ws/install/dynamixel_sdk_custom_interfaces:/home/brunofarias/turtlebot3_ws/install/dynamixel_sdk:${AMENT_PREFIX_PATH} CMAKE_PREFIX_PATH=/home/brunofarias/turtlebot3_ws/install/dynamixel_sdk_custom_interfaces:/home/brunofarias/turtlebot3_ws/install/dynamixel_sdk:/home/brunofarias/workspace/install/my_package:/home/brunofarias/workspace/install/custom_turtle:/opt/ros/galactic LD_LIBRARY_PATH=/home/brunofarias/turtlebot3_ws/install/dynamixel_sdk_custom_interfaces/lib:/home/brunofarias/turtlebot3_ws/install/dynamixel_sdk/lib:${LD_LIBRARY_PATH} PYTHONPATH=/home/brunofarias/turtlebot3_ws/install/dynamixel_sdk_custom_interfaces/lib/python3.8/site-packages:${PYTHONPATH} /usr/bin/cmake --install /home/brunofarias/turtlebot3_ws/build/dynamixel_sdk_examples
