[0.030s] Invoking command in '/home/brunofarias/turtlebot3_ws/build/turtlebot3_simulations': AMENT_PREFIX_PATH=/home/brunofarias/turtlebot3_ws/install/turtlebot3_fake_node:/home/brunofarias/turtlebot3_ws/install/turtlebot3_msgs:/home/brunofarias/turtlebot3_ws/install/turtlebot3_gazebo:${AMENT_PREFIX_PATH} CMAKE_PREFIX_PATH=/home/brunofarias/turtlebot3_ws/install/turtlebot3_fake_node:/home/brunofarias/turtlebot3_ws/install/turtlebot3_msgs:/home/brunofarias/turtlebot3_ws/install/turtlebot3_gazebo:/home/brunofarias/workspace/install/my_package:/home/brunofarias/workspace/install/custom_turtle:/opt/ros/galactic LD_LIBRARY_PATH=/home/brunofarias/turtlebot3_ws/install/turtlebot3_msgs/lib:${LD_LIBRARY_PATH} PYTHONPATH=/home/brunofarias/turtlebot3_ws/install/turtlebot3_msgs/lib/python3.8/site-packages:${PYTHONPATH} /usr/bin/cmake /home/brunofarias/turtlebot3_ws/src/turtlebot3/turtlebot3_simulations/turtlebot3_simulations -DAMENT_CMAKE_SYMLINK_INSTALL=1 -DCMAKE_INSTALL_PREFIX=/home/brunofarias/turtlebot3_ws/install/turtlebot3_simulations
[0.091s] -- The C compiler identification is GNU 9.4.0
[0.167s] -- The CXX compiler identification is GNU 9.4.0
[0.176s] -- Check for working C compiler: /usr/bin/cc
[0.254s] -- Check for working C compiler: /usr/bin/cc -- works
[0.254s] -- Detecting C compiler ABI info
[0.344s] -- Detecting C compiler ABI info - done
[0.352s] -- Detecting C compile features
[0.352s] -- Detecting C compile features - done
[0.356s] -- Check for working CXX compiler: /usr/bin/c++
[0.448s] -- Check for working CXX compiler: /usr/bin/c++ -- works
[0.448s] -- Detecting CXX compiler ABI info
[0.536s] -- Detecting CXX compiler ABI info - done
[0.548s] -- Detecting CXX compile features
[0.548s] -- Detecting CXX compile features - done
[0.551s] -- Found ament_cmake: 1.1.5 (/opt/ros/galactic/share/ament_cmake/cmake)
[0.579s] -- Found PythonInterp: /usr/bin/python3 (found suitable version "3.8.10", minimum required is "3") 
[0.579s] -- Using PYTHON_EXECUTABLE: /usr/bin/python3
[0.642s] -- Override CMake install command with custom implementation using symlinks instead of copying resources
[0.741s] -- Configuring done
[0.742s] -- Generating done
[0.743s] -- Build files have been written to: /home/brunofarias/turtlebot3_ws/build/turtlebot3_simulations
[0.747s] Invoked command in '/home/brunofarias/turtlebot3_ws/build/turtlebot3_simulations' returned '0': AMENT_PREFIX_PATH=/home/brunofarias/turtlebot3_ws/install/turtlebot3_fake_node:/home/brunofarias/turtlebot3_ws/install/turtlebot3_msgs:/home/brunofarias/turtlebot3_ws/install/turtlebot3_gazebo:${AMENT_PREFIX_PATH} CMAKE_PREFIX_PATH=/home/brunofarias/turtlebot3_ws/install/turtlebot3_fake_node:/home/brunofarias/turtlebot3_ws/install/turtlebot3_msgs:/home/brunofarias/turtlebot3_ws/install/turtlebot3_gazebo:/home/brunofarias/workspace/install/my_package:/home/brunofarias/workspace/install/custom_turtle:/opt/ros/galactic LD_LIBRARY_PATH=/home/brunofarias/turtlebot3_ws/install/turtlebot3_msgs/lib:${LD_LIBRARY_PATH} PYTHONPATH=/home/brunofarias/turtlebot3_ws/install/turtlebot3_msgs/lib/python3.8/site-packages:${PYTHONPATH} /usr/bin/cmake /home/brunofarias/turtlebot3_ws/src/turtlebot3/turtlebot3_simulations/turtlebot3_simulations -DAMENT_CMAKE_SYMLINK_INSTALL=1 -DCMAKE_INSTALL_PREFIX=/home/brunofarias/turtlebot3_ws/install/turtlebot3_simulations
[0.750s] Invoking command in '/home/brunofarias/turtlebot3_ws/build/turtlebot3_simulations': AMENT_PREFIX_PATH=/home/brunofarias/turtlebot3_ws/install/turtlebot3_fake_node:/home/brunofarias/turtlebot3_ws/install/turtlebot3_msgs:/home/brunofarias/turtlebot3_ws/install/turtlebot3_gazebo:${AMENT_PREFIX_PATH} CMAKE_PREFIX_PATH=/home/brunofarias/turtlebot3_ws/install/turtlebot3_fake_node:/home/brunofarias/turtlebot3_ws/install/turtlebot3_msgs:/home/brunofarias/turtlebot3_ws/install/turtlebot3_gazebo:/home/brunofarias/workspace/install/my_package:/home/brunofarias/workspace/install/custom_turtle:/opt/ros/galactic LD_LIBRARY_PATH=/home/brunofarias/turtlebot3_ws/install/turtlebot3_msgs/lib:${LD_LIBRARY_PATH} PYTHONPATH=/home/brunofarias/turtlebot3_ws/install/turtlebot3_msgs/lib/python3.8/site-packages:${PYTHONPATH} /usr/bin/cmake --build /home/brunofarias/turtlebot3_ws/build/turtlebot3_simulations -- -j4 -l4
[0.792s] Invoked command in '/home/brunofarias/turtlebot3_ws/build/turtlebot3_simulations' returned '0': AMENT_PREFIX_PATH=/home/brunofarias/turtlebot3_ws/install/turtlebot3_fake_node:/home/brunofarias/turtlebot3_ws/install/turtlebot3_msgs:/home/brunofarias/turtlebot3_ws/install/turtlebot3_gazebo:${AMENT_PREFIX_PATH} CMAKE_PREFIX_PATH=/home/brunofarias/turtlebot3_ws/install/turtlebot3_fake_node:/home/brunofarias/turtlebot3_ws/install/turtlebot3_msgs:/home/brunofarias/turtlebot3_ws/install/turtlebot3_gazebo:/home/brunofarias/workspace/install/my_package:/home/brunofarias/workspace/install/custom_turtle:/opt/ros/galactic LD_LIBRARY_PATH=/home/brunofarias/turtlebot3_ws/install/turtlebot3_msgs/lib:${LD_LIBRARY_PATH} PYTHONPATH=/home/brunofarias/turtlebot3_ws/install/turtlebot3_msgs/lib/python3.8/site-packages:${PYTHONPATH} /usr/bin/cmake --build /home/brunofarias/turtlebot3_ws/build/turtlebot3_simulations -- -j4 -l4
[0.837s] Invoking command in '/home/brunofarias/turtlebot3_ws/build/turtlebot3_simulations': AMENT_PREFIX_PATH=/home/brunofarias/turtlebot3_ws/install/turtlebot3_fake_node:/home/brunofarias/turtlebot3_ws/install/turtlebot3_msgs:/home/brunofarias/turtlebot3_ws/install/turtlebot3_gazebo:${AMENT_PREFIX_PATH} CMAKE_PREFIX_PATH=/home/brunofarias/turtlebot3_ws/install/turtlebot3_fake_node:/home/brunofarias/turtlebot3_ws/install/turtlebot3_msgs:/home/brunofarias/turtlebot3_ws/install/turtlebot3_gazebo:/home/brunofarias/workspace/install/my_package:/home/brunofarias/workspace/install/custom_turtle:/opt/ros/galactic LD_LIBRARY_PATH=/home/brunofarias/turtlebot3_ws/install/turtlebot3_msgs/lib:${LD_LIBRARY_PATH} PYTHONPATH=/home/brunofarias/turtlebot3_ws/install/turtlebot3_msgs/lib/python3.8/site-packages:${PYTHONPATH} /usr/bin/cmake --install /home/brunofarias/turtlebot3_ws/build/turtlebot3_simulations
[0.845s] -- Install configuration: ""
[0.846s] -- Execute custom install script
[0.846s] -- Symlinking: /home/brunofarias/turtlebot3_ws/install/turtlebot3_simulations/share/ament_index/resource_index/package_run_dependencies/turtlebot3_simulations
[0.856s] -- Symlinking: /home/brunofarias/turtlebot3_ws/install/turtlebot3_simulations/share/ament_index/resource_index/parent_prefix_path/turtlebot3_simulations
[0.866s] -- Symlinking: /home/brunofarias/turtlebot3_ws/install/turtlebot3_simulations/share/turtlebot3_simulations/environment/ament_prefix_path.sh
[0.875s] -- Symlinking: /home/brunofarias/turtlebot3_ws/install/turtlebot3_simulations/share/turtlebot3_simulations/environment/ament_prefix_path.dsv
[0.885s] -- Symlinking: /home/brunofarias/turtlebot3_ws/install/turtlebot3_simulations/share/turtlebot3_simulations/environment/path.sh
[0.895s] -- Symlinking: /home/brunofarias/turtlebot3_ws/install/turtlebot3_simulations/share/turtlebot3_simulations/environment/path.dsv
[0.904s] -- Symlinking: /home/brunofarias/turtlebot3_ws/install/turtlebot3_simulations/share/turtlebot3_simulations/local_setup.bash
[0.915s] -- Symlinking: /home/brunofarias/turtlebot3_ws/install/turtlebot3_simulations/share/turtlebot3_simulations/local_setup.sh
[0.925s] -- Symlinking: /home/brunofarias/turtlebot3_ws/install/turtlebot3_simulations/share/turtlebot3_simulations/local_setup.zsh
[0.936s] -- Symlinking: /home/brunofarias/turtlebot3_ws/install/turtlebot3_simulations/share/turtlebot3_simulations/local_setup.dsv
[0.946s] -- Symlinking: /home/brunofarias/turtlebot3_ws/install/turtlebot3_simulations/share/turtlebot3_simulations/package.dsv
[0.956s] -- Symlinking: /home/brunofarias/turtlebot3_ws/install/turtlebot3_simulations/share/ament_index/resource_index/packages/turtlebot3_simulations
[0.966s] -- Symlinking: /home/brunofarias/turtlebot3_ws/install/turtlebot3_simulations/share/turtlebot3_simulations/cmake/turtlebot3_simulationsConfig.cmake
[0.975s] -- Symlinking: /home/brunofarias/turtlebot3_ws/install/turtlebot3_simulations/share/turtlebot3_simulations/cmake/turtlebot3_simulationsConfig-version.cmake
[0.986s] -- Symlinking: /home/brunofarias/turtlebot3_ws/install/turtlebot3_simulations/share/turtlebot3_simulations/package.xml
[1.000s] Invoked command in '/home/brunofarias/turtlebot3_ws/build/turtlebot3_simulations' returned '0': AMENT_PREFIX_PATH=/home/brunofarias/turtlebot3_ws/install/turtlebot3_fake_node:/home/brunofarias/turtlebot3_ws/install/turtlebot3_msgs:/home/brunofarias/turtlebot3_ws/install/turtlebot3_gazebo:${AMENT_PREFIX_PATH} CMAKE_PREFIX_PATH=/home/brunofarias/turtlebot3_ws/install/turtlebot3_fake_node:/home/brunofarias/turtlebot3_ws/install/turtlebot3_msgs:/home/brunofarias/turtlebot3_ws/install/turtlebot3_gazebo:/home/brunofarias/workspace/install/my_package:/home/brunofarias/workspace/install/custom_turtle:/opt/ros/galactic LD_LIBRARY_PATH=/home/brunofarias/turtlebot3_ws/install/turtlebot3_msgs/lib:${LD_LIBRARY_PATH} PYTHONPATH=/home/brunofarias/turtlebot3_ws/install/turtlebot3_msgs/lib/python3.8/site-packages:${PYTHONPATH} /usr/bin/cmake --install /home/brunofarias/turtlebot3_ws/build/turtlebot3_simulations
