[0.929s] Invoking command in '/home/brunofarias/turtlebot3_ws/build/turtlebot3_example': CMAKE_PREFIX_PATH=/home/brunofarias/turtlebot3_ws/install/turtlebot3_msgs:/home/brunofarias/turtlebot3_ws/install/turtlebot3:/home/brunofarias/turtlebot3_ws/install/turtlebot3_simulations:/home/brunofarias/turtlebot3_ws/install/turtlebot3_bringup:/home/brunofarias/turtlebot3_ws/install/turtlebot3_node:/home/brunofarias/turtlebot3_ws/install/turtlebot3_navigation2:/home/brunofarias/turtlebot3_ws/install/turtlebot3_fake_node:/home/brunofarias/turtlebot3_ws/install/turtlebot3_gazebo:/home/brunofarias/turtlebot3_ws/install/turtlebot3_description:/home/brunofarias/turtlebot3_ws/install/turtlebot3_cartographer:/home/brunofarias/turtlebot3_ws/install/hls_lfcd_lds_driver:/home/brunofarias/turtlebot3_ws/install/dynamixel_sdk_examples:/home/brunofarias/turtlebot3_ws/install/dynamixel_sdk_custom_interfaces:/home/brunofarias/turtlebot3_ws/install/dynamixel_sdk PYTHONPATH=/home/brunofarias/turtlebot3_ws/install/turtlebot3_example/lib/python3.8/site-packages:/home/brunofarias/turtlebot3_ws/install/turtlebot3_msgs/lib/python3.8/site-packages:/home/brunofarias/turtlebot3_ws/build/turtlebot3_teleop:/home/brunofarias/turtlebot3_ws/install/turtlebot3_teleop/lib/python3.8/site-packages:/home/brunofarias/turtlebot3_ws/build/turtlebot3_example:/home/brunofarias/turtlebot3_ws/install/turtlebot3_example/lib/python3.8/site-packages:/home/brunofarias/turtlebot3_ws/install/dynamixel_sdk_custom_interfaces/lib/python3.8/site-packages:/home/brunofarias/workspace/install/my_package/lib/python3.8/site-packages:/home/brunofarias/workspace/install/custom_turtle/lib/python3.8/site-packages:/opt/ros/galactic/lib/python3.8/site-packages /usr/bin/python3 setup.py develop --prefix /home/brunofarias/turtlebot3_ws/install/turtlebot3_example --uninstall --editable --build-directory /home/brunofarias/turtlebot3_ws/build/turtlebot3_example/build
[1.220s] running develop
[1.386s] Removing /home/brunofarias/turtlebot3_ws/install/turtlebot3_example/lib/python3.8/site-packages/turtlebot3-example.egg-link (link to .)
[1.414s] Invoked command in '/home/brunofarias/turtlebot3_ws/build/turtlebot3_example' returned '0': CMAKE_PREFIX_PATH=/home/brunofarias/turtlebot3_ws/install/turtlebot3_msgs:/home/brunofarias/turtlebot3_ws/install/turtlebot3:/home/brunofarias/turtlebot3_ws/install/turtlebot3_simulations:/home/brunofarias/turtlebot3_ws/install/turtlebot3_bringup:/home/brunofarias/turtlebot3_ws/install/turtlebot3_node:/home/brunofarias/turtlebot3_ws/install/turtlebot3_navigation2:/home/brunofarias/turtlebot3_ws/install/turtlebot3_fake_node:/home/brunofarias/turtlebot3_ws/install/turtlebot3_gazebo:/home/brunofarias/turtlebot3_ws/install/turtlebot3_description:/home/brunofarias/turtlebot3_ws/install/turtlebot3_cartographer:/home/brunofarias/turtlebot3_ws/install/hls_lfcd_lds_driver:/home/brunofarias/turtlebot3_ws/install/dynamixel_sdk_examples:/home/brunofarias/turtlebot3_ws/install/dynamixel_sdk_custom_interfaces:/home/brunofarias/turtlebot3_ws/install/dynamixel_sdk PYTHONPATH=/home/brunofarias/turtlebot3_ws/install/turtlebot3_example/lib/python3.8/site-packages:/home/brunofarias/turtlebot3_ws/install/turtlebot3_msgs/lib/python3.8/site-packages:/home/brunofarias/turtlebot3_ws/build/turtlebot3_teleop:/home/brunofarias/turtlebot3_ws/install/turtlebot3_teleop/lib/python3.8/site-packages:/home/brunofarias/turtlebot3_ws/build/turtlebot3_example:/home/brunofarias/turtlebot3_ws/install/turtlebot3_example/lib/python3.8/site-packages:/home/brunofarias/turtlebot3_ws/install/dynamixel_sdk_custom_interfaces/lib/python3.8/site-packages:/home/brunofarias/workspace/install/my_package/lib/python3.8/site-packages:/home/brunofarias/workspace/install/custom_turtle/lib/python3.8/site-packages:/opt/ros/galactic/lib/python3.8/site-packages /usr/bin/python3 setup.py develop --prefix /home/brunofarias/turtlebot3_ws/install/turtlebot3_example --uninstall --editable --build-directory /home/brunofarias/turtlebot3_ws/build/turtlebot3_example/build
[1.415s] Invoking command in '/home/brunofarias/turtlebot3_ws/src/turtlebot3/turtlebot3/turtlebot3_example': CMAKE_PREFIX_PATH=/home/brunofarias/turtlebot3_ws/install/turtlebot3_msgs:/home/brunofarias/turtlebot3_ws/install/turtlebot3:/home/brunofarias/turtlebot3_ws/install/turtlebot3_simulations:/home/brunofarias/turtlebot3_ws/install/turtlebot3_bringup:/home/brunofarias/turtlebot3_ws/install/turtlebot3_node:/home/brunofarias/turtlebot3_ws/install/turtlebot3_navigation2:/home/brunofarias/turtlebot3_ws/install/turtlebot3_fake_node:/home/brunofarias/turtlebot3_ws/install/turtlebot3_gazebo:/home/brunofarias/turtlebot3_ws/install/turtlebot3_description:/home/brunofarias/turtlebot3_ws/install/turtlebot3_cartographer:/home/brunofarias/turtlebot3_ws/install/hls_lfcd_lds_driver:/home/brunofarias/turtlebot3_ws/install/dynamixel_sdk_examples:/home/brunofarias/turtlebot3_ws/install/dynamixel_sdk_custom_interfaces:/home/brunofarias/turtlebot3_ws/install/dynamixel_sdk PYTHONPATH=/home/brunofarias/turtlebot3_ws/install/turtlebot3_example/lib/python3.8/site-packages:/home/brunofarias/turtlebot3_ws/install/turtlebot3_msgs/lib/python3.8/site-packages:/home/brunofarias/turtlebot3_ws/build/turtlebot3_teleop:/home/brunofarias/turtlebot3_ws/install/turtlebot3_teleop/lib/python3.8/site-packages:/home/brunofarias/turtlebot3_ws/build/turtlebot3_example:/home/brunofarias/turtlebot3_ws/install/turtlebot3_example/lib/python3.8/site-packages:/home/brunofarias/turtlebot3_ws/install/dynamixel_sdk_custom_interfaces/lib/python3.8/site-packages:/home/brunofarias/workspace/install/my_package/lib/python3.8/site-packages:/home/brunofarias/workspace/install/custom_turtle/lib/python3.8/site-packages:/opt/ros/galactic/lib/python3.8/site-packages /usr/bin/python3 setup.py egg_info --egg-base ../../../../build/turtlebot3_example build --build-base /home/brunofarias/turtlebot3_ws/build/turtlebot3_example/build install --prefix /home/brunofarias/turtlebot3_ws/install/turtlebot3_example --record /home/brunofarias/turtlebot3_ws/build/turtlebot3_example/install.log --single-version-externally-managed
[1.668s] running egg_info
[1.669s] writing ../../../../build/turtlebot3_example/turtlebot3_example.egg-info/PKG-INFO
[1.670s] writing dependency_links to ../../../../build/turtlebot3_example/turtlebot3_example.egg-info/dependency_links.txt
[1.670s] writing entry points to ../../../../build/turtlebot3_example/turtlebot3_example.egg-info/entry_points.txt
[1.670s] writing requirements to ../../../../build/turtlebot3_example/turtlebot3_example.egg-info/requires.txt
[1.671s] writing top-level names to ../../../../build/turtlebot3_example/turtlebot3_example.egg-info/top_level.txt
[1.705s] reading manifest file '../../../../build/turtlebot3_example/turtlebot3_example.egg-info/SOURCES.txt'
[1.709s] writing manifest file '../../../../build/turtlebot3_example/turtlebot3_example.egg-info/SOURCES.txt'
[1.709s] running build
[1.709s] running build_py
[1.709s] creating /home/brunofarias/turtlebot3_ws/build/turtlebot3_example/build
[1.709s] creating /home/brunofarias/turtlebot3_ws/build/turtlebot3_example/build/lib
[1.709s] creating /home/brunofarias/turtlebot3_ws/build/turtlebot3_example/build/lib/turtlebot3_example
[1.709s] copying turtlebot3_example/__init__.py -> /home/brunofarias/turtlebot3_ws/build/turtlebot3_example/build/lib/turtlebot3_example
[1.710s] creating /home/brunofarias/turtlebot3_ws/build/turtlebot3_example/build/lib/turtlebot3_example/turtlebot3_patrol_client
[1.710s] copying turtlebot3_example/turtlebot3_patrol_client/__init__.py -> /home/brunofarias/turtlebot3_ws/build/turtlebot3_example/build/lib/turtlebot3_example/turtlebot3_patrol_client
[1.710s] copying turtlebot3_example/turtlebot3_patrol_client/main.py -> /home/brunofarias/turtlebot3_ws/build/turtlebot3_example/build/lib/turtlebot3_example/turtlebot3_patrol_client
[1.720s] copying turtlebot3_example/turtlebot3_patrol_client/turtlebot3_patrol_client.py -> /home/brunofarias/turtlebot3_ws/build/turtlebot3_example/build/lib/turtlebot3_example/turtlebot3_patrol_client
[1.720s] creating /home/brunofarias/turtlebot3_ws/build/turtlebot3_example/build/lib/turtlebot3_example/turtlebot3_position_control
[1.720s] copying turtlebot3_example/turtlebot3_position_control/__init__.py -> /home/brunofarias/turtlebot3_ws/build/turtlebot3_example/build/lib/turtlebot3_example/turtlebot3_position_control
[1.721s] copying turtlebot3_example/turtlebot3_position_control/turtlebot3_path.py -> /home/brunofarias/turtlebot3_ws/build/turtlebot3_example/build/lib/turtlebot3_example/turtlebot3_position_control
[1.723s] copying turtlebot3_example/turtlebot3_position_control/main.py -> /home/brunofarias/turtlebot3_ws/build/turtlebot3_example/build/lib/turtlebot3_example/turtlebot3_position_control
[1.723s] copying turtlebot3_example/turtlebot3_position_control/turtlebot3_position_control.py -> /home/brunofarias/turtlebot3_ws/build/turtlebot3_example/build/lib/turtlebot3_example/turtlebot3_position_control
[1.724s] creating /home/brunofarias/turtlebot3_ws/build/turtlebot3_example/build/lib/turtlebot3_example/turtlebot3_obstacle_detection
[1.724s] copying turtlebot3_example/turtlebot3_obstacle_detection/__init__.py -> /home/brunofarias/turtlebot3_ws/build/turtlebot3_example/build/lib/turtlebot3_example/turtlebot3_obstacle_detection
[1.724s] copying turtlebot3_example/turtlebot3_obstacle_detection/main.py -> /home/brunofarias/turtlebot3_ws/build/turtlebot3_example/build/lib/turtlebot3_example/turtlebot3_obstacle_detection
[1.736s] copying turtlebot3_example/turtlebot3_obstacle_detection/turtlebot3_obstacle_detection.py -> /home/brunofarias/turtlebot3_ws/build/turtlebot3_example/build/lib/turtlebot3_example/turtlebot3_obstacle_detection
[1.737s] creating /home/brunofarias/turtlebot3_ws/build/turtlebot3_example/build/lib/turtlebot3_example/turtlebot3_patrol_server
[1.737s] copying turtlebot3_example/turtlebot3_patrol_server/__init__.py -> /home/brunofarias/turtlebot3_ws/build/turtlebot3_example/build/lib/turtlebot3_example/turtlebot3_patrol_server
[1.739s] copying turtlebot3_example/turtlebot3_patrol_server/turtlebot3_path.py -> /home/brunofarias/turtlebot3_ws/build/turtlebot3_example/build/lib/turtlebot3_example/turtlebot3_patrol_server
[1.739s] copying turtlebot3_example/turtlebot3_patrol_server/main.py -> /home/brunofarias/turtlebot3_ws/build/turtlebot3_example/build/lib/turtlebot3_example/turtlebot3_patrol_server
[1.739s] copying turtlebot3_example/turtlebot3_patrol_server/turtlebot3_patrol_server.py -> /home/brunofarias/turtlebot3_ws/build/turtlebot3_example/build/lib/turtlebot3_example/turtlebot3_patrol_server
[1.739s] running install
[1.740s] running install_lib
[1.741s] creating /home/brunofarias/turtlebot3_ws/install/turtlebot3_example/lib/python3.8/site-packages/turtlebot3_example
[1.741s] copying /home/brunofarias/turtlebot3_ws/build/turtlebot3_example/build/lib/turtlebot3_example/__init__.py -> /home/brunofarias/turtlebot3_ws/install/turtlebot3_example/lib/python3.8/site-packages/turtlebot3_example
[1.741s] creating /home/brunofarias/turtlebot3_ws/install/turtlebot3_example/lib/python3.8/site-packages/turtlebot3_example/turtlebot3_patrol_client
[1.741s] copying /home/brunofarias/turtlebot3_ws/build/turtlebot3_example/build/lib/turtlebot3_example/turtlebot3_patrol_client/__init__.py -> /home/brunofarias/turtlebot3_ws/install/turtlebot3_example/lib/python3.8/site-packages/turtlebot3_example/turtlebot3_patrol_client
[1.741s] copying /home/brunofarias/turtlebot3_ws/build/turtlebot3_example/build/lib/turtlebot3_example/turtlebot3_patrol_client/main.py -> /home/brunofarias/turtlebot3_ws/install/turtlebot3_example/lib/python3.8/site-packages/turtlebot3_example/turtlebot3_patrol_client
[1.741s] copying /home/brunofarias/turtlebot3_ws/build/turtlebot3_example/build/lib/turtlebot3_example/turtlebot3_patrol_client/turtlebot3_patrol_client.py -> /home/brunofarias/turtlebot3_ws/install/turtlebot3_example/lib/python3.8/site-packages/turtlebot3_example/turtlebot3_patrol_client
[1.741s] creating /home/brunofarias/turtlebot3_ws/install/turtlebot3_example/lib/python3.8/site-packages/turtlebot3_example/turtlebot3_position_control
[1.742s] copying /home/brunofarias/turtlebot3_ws/build/turtlebot3_example/build/lib/turtlebot3_example/turtlebot3_position_control/__init__.py -> /home/brunofarias/turtlebot3_ws/install/turtlebot3_example/lib/python3.8/site-packages/turtlebot3_example/turtlebot3_position_control
[1.742s] copying /home/brunofarias/turtlebot3_ws/build/turtlebot3_example/build/lib/turtlebot3_example/turtlebot3_position_control/turtlebot3_path.py -> /home/brunofarias/turtlebot3_ws/install/turtlebot3_example/lib/python3.8/site-packages/turtlebot3_example/turtlebot3_position_control
[1.742s] copying /home/brunofarias/turtlebot3_ws/build/turtlebot3_example/build/lib/turtlebot3_example/turtlebot3_position_control/main.py -> /home/brunofarias/turtlebot3_ws/install/turtlebot3_example/lib/python3.8/site-packages/turtlebot3_example/turtlebot3_position_control
[1.742s] copying /home/brunofarias/turtlebot3_ws/build/turtlebot3_example/build/lib/turtlebot3_example/turtlebot3_position_control/turtlebot3_position_control.py -> /home/brunofarias/turtlebot3_ws/install/turtlebot3_example/lib/python3.8/site-packages/turtlebot3_example/turtlebot3_position_control
[1.742s] creating /home/brunofarias/turtlebot3_ws/install/turtlebot3_example/lib/python3.8/site-packages/turtlebot3_example/turtlebot3_obstacle_detection
[1.742s] copying /home/brunofarias/turtlebot3_ws/build/turtlebot3_example/build/lib/turtlebot3_example/turtlebot3_obstacle_detection/__init__.py -> /home/brunofarias/turtlebot3_ws/install/turtlebot3_example/lib/python3.8/site-packages/turtlebot3_example/turtlebot3_obstacle_detection
[1.742s] copying /home/brunofarias/turtlebot3_ws/build/turtlebot3_example/build/lib/turtlebot3_example/turtlebot3_obstacle_detection/main.py -> /home/brunofarias/turtlebot3_ws/install/turtlebot3_example/lib/python3.8/site-packages/turtlebot3_example/turtlebot3_obstacle_detection
[1.742s] copying /home/brunofarias/turtlebot3_ws/build/turtlebot3_example/build/lib/turtlebot3_example/turtlebot3_obstacle_detection/turtlebot3_obstacle_detection.py -> /home/brunofarias/turtlebot3_ws/install/turtlebot3_example/lib/python3.8/site-packages/turtlebot3_example/turtlebot3_obstacle_detection
[1.742s] creating /home/brunofarias/turtlebot3_ws/install/turtlebot3_example/lib/python3.8/site-packages/turtlebot3_example/turtlebot3_patrol_server
[1.743s] copying /home/brunofarias/turtlebot3_ws/build/turtlebot3_example/build/lib/turtlebot3_example/turtlebot3_patrol_server/__init__.py -> /home/brunofarias/turtlebot3_ws/install/turtlebot3_example/lib/python3.8/site-packages/turtlebot3_example/turtlebot3_patrol_server
[1.743s] copying /home/brunofarias/turtlebot3_ws/build/turtlebot3_example/build/lib/turtlebot3_example/turtlebot3_patrol_server/turtlebot3_path.py -> /home/brunofarias/turtlebot3_ws/install/turtlebot3_example/lib/python3.8/site-packages/turtlebot3_example/turtlebot3_patrol_server
[1.743s] copying /home/brunofarias/turtlebot3_ws/build/turtlebot3_example/build/lib/turtlebot3_example/turtlebot3_patrol_server/main.py -> /home/brunofarias/turtlebot3_ws/install/turtlebot3_example/lib/python3.8/site-packages/turtlebot3_example/turtlebot3_patrol_server
[1.743s] copying /home/brunofarias/turtlebot3_ws/build/turtlebot3_example/build/lib/turtlebot3_example/turtlebot3_patrol_server/turtlebot3_patrol_server.py -> /home/brunofarias/turtlebot3_ws/install/turtlebot3_example/lib/python3.8/site-packages/turtlebot3_example/turtlebot3_patrol_server
[1.743s] byte-compiling /home/brunofarias/turtlebot3_ws/install/turtlebot3_example/lib/python3.8/site-packages/turtlebot3_example/__init__.py to __init__.cpython-38.pyc
[1.745s] byte-compiling /home/brunofarias/turtlebot3_ws/install/turtlebot3_example/lib/python3.8/site-packages/turtlebot3_example/turtlebot3_patrol_client/__init__.py to __init__.cpython-38.pyc
[1.745s] byte-compiling /home/brunofarias/turtlebot3_ws/install/turtlebot3_example/lib/python3.8/site-packages/turtlebot3_example/turtlebot3_patrol_client/main.py to main.cpython-38.pyc
[1.745s] byte-compiling /home/brunofarias/turtlebot3_ws/install/turtlebot3_example/lib/python3.8/site-packages/turtlebot3_example/turtlebot3_patrol_client/turtlebot3_patrol_client.py to turtlebot3_patrol_client.cpython-38.pyc
[1.746s] byte-compiling /home/brunofarias/turtlebot3_ws/install/turtlebot3_example/lib/python3.8/site-packages/turtlebot3_example/turtlebot3_position_control/__init__.py to __init__.cpython-38.pyc
[1.746s] byte-compiling /home/brunofarias/turtlebot3_ws/install/turtlebot3_example/lib/python3.8/site-packages/turtlebot3_example/turtlebot3_position_control/turtlebot3_path.py to turtlebot3_path.cpython-38.pyc
[1.746s] byte-compiling /home/brunofarias/turtlebot3_ws/install/turtlebot3_example/lib/python3.8/site-packages/turtlebot3_example/turtlebot3_position_control/main.py to main.cpython-38.pyc
[1.746s] byte-compiling /home/brunofarias/turtlebot3_ws/install/turtlebot3_example/lib/python3.8/site-packages/turtlebot3_example/turtlebot3_position_control/turtlebot3_position_control.py to turtlebot3_position_control.cpython-38.pyc
[1.748s] byte-compiling /home/brunofarias/turtlebot3_ws/install/turtlebot3_example/lib/python3.8/site-packages/turtlebot3_example/turtlebot3_obstacle_detection/__init__.py to __init__.cpython-38.pyc
[1.748s] byte-compiling /home/brunofarias/turtlebot3_ws/install/turtlebot3_example/lib/python3.8/site-packages/turtlebot3_example/turtlebot3_obstacle_detection/main.py to main.cpython-38.pyc
[1.748s] byte-compiling /home/brunofarias/turtlebot3_ws/install/turtlebot3_example/lib/python3.8/site-packages/turtlebot3_example/turtlebot3_obstacle_detection/turtlebot3_obstacle_detection.py to turtlebot3_obstacle_detection.cpython-38.pyc
[1.749s] byte-compiling /home/brunofarias/turtlebot3_ws/install/turtlebot3_example/lib/python3.8/site-packages/turtlebot3_example/turtlebot3_patrol_server/__init__.py to __init__.cpython-38.pyc
[1.749s] byte-compiling /home/brunofarias/turtlebot3_ws/install/turtlebot3_example/lib/python3.8/site-packages/turtlebot3_example/turtlebot3_patrol_server/turtlebot3_path.py to turtlebot3_path.cpython-38.pyc
[1.749s] byte-compiling /home/brunofarias/turtlebot3_ws/install/turtlebot3_example/lib/python3.8/site-packages/turtlebot3_example/turtlebot3_patrol_server/main.py to main.cpython-38.pyc
[1.750s] byte-compiling /home/brunofarias/turtlebot3_ws/install/turtlebot3_example/lib/python3.8/site-packages/turtlebot3_example/turtlebot3_patrol_server/turtlebot3_patrol_server.py to turtlebot3_patrol_server.cpython-38.pyc
[1.750s] running install_data
[1.751s] running install_egg_info
[1.752s] Copying ../../../../build/turtlebot3_example/turtlebot3_example.egg-info to /home/brunofarias/turtlebot3_ws/install/turtlebot3_example/lib/python3.8/site-packages/turtlebot3_example-2.1.4-py3.8.egg-info
[1.763s] running install_scripts
[1.780s] Installing turtlebot3_obstacle_detection script to /home/brunofarias/turtlebot3_ws/install/turtlebot3_example/lib/turtlebot3_example
[1.780s] Installing turtlebot3_patrol_client script to /home/brunofarias/turtlebot3_ws/install/turtlebot3_example/lib/turtlebot3_example
[1.780s] Installing turtlebot3_patrol_server script to /home/brunofarias/turtlebot3_ws/install/turtlebot3_example/lib/turtlebot3_example
[1.780s] Installing turtlebot3_position_control script to /home/brunofarias/turtlebot3_ws/install/turtlebot3_example/lib/turtlebot3_example
[1.781s] writing list of installed files to '/home/brunofarias/turtlebot3_ws/build/turtlebot3_example/install.log'
[1.806s] Invoked command in '/home/brunofarias/turtlebot3_ws/src/turtlebot3/turtlebot3/turtlebot3_example' returned '0': CMAKE_PREFIX_PATH=/home/brunofarias/turtlebot3_ws/install/turtlebot3_msgs:/home/brunofarias/turtlebot3_ws/install/turtlebot3:/home/brunofarias/turtlebot3_ws/install/turtlebot3_simulations:/home/brunofarias/turtlebot3_ws/install/turtlebot3_bringup:/home/brunofarias/turtlebot3_ws/install/turtlebot3_node:/home/brunofarias/turtlebot3_ws/install/turtlebot3_navigation2:/home/brunofarias/turtlebot3_ws/install/turtlebot3_fake_node:/home/brunofarias/turtlebot3_ws/install/turtlebot3_gazebo:/home/brunofarias/turtlebot3_ws/install/turtlebot3_description:/home/brunofarias/turtlebot3_ws/install/turtlebot3_cartographer:/home/brunofarias/turtlebot3_ws/install/hls_lfcd_lds_driver:/home/brunofarias/turtlebot3_ws/install/dynamixel_sdk_examples:/home/brunofarias/turtlebot3_ws/install/dynamixel_sdk_custom_interfaces:/home/brunofarias/turtlebot3_ws/install/dynamixel_sdk PYTHONPATH=/home/brunofarias/turtlebot3_ws/install/turtlebot3_example/lib/python3.8/site-packages:/home/brunofarias/turtlebot3_ws/install/turtlebot3_msgs/lib/python3.8/site-packages:/home/brunofarias/turtlebot3_ws/build/turtlebot3_teleop:/home/brunofarias/turtlebot3_ws/install/turtlebot3_teleop/lib/python3.8/site-packages:/home/brunofarias/turtlebot3_ws/build/turtlebot3_example:/home/brunofarias/turtlebot3_ws/install/turtlebot3_example/lib/python3.8/site-packages:/home/brunofarias/turtlebot3_ws/install/dynamixel_sdk_custom_interfaces/lib/python3.8/site-packages:/home/brunofarias/workspace/install/my_package/lib/python3.8/site-packages:/home/brunofarias/workspace/install/custom_turtle/lib/python3.8/site-packages:/opt/ros/galactic/lib/python3.8/site-packages /usr/bin/python3 setup.py egg_info --egg-base ../../../../build/turtlebot3_example build --build-base /home/brunofarias/turtlebot3_ws/build/turtlebot3_example/build install --prefix /home/brunofarias/turtlebot3_ws/install/turtlebot3_example --record /home/brunofarias/turtlebot3_ws/build/turtlebot3_example/install.log --single-version-externally-managed
