/home/brunofarias/turtlebot3_ws/install/pkg_laser/lib/python3.8/site-packages/pkg_laser/__init__.py
/home/brunofarias/turtlebot3_ws/install/pkg_laser/lib/python3.8/site-packages/pkg_laser/laser.py
/home/brunofarias/turtlebot3_ws/install/pkg_laser/lib/python3.8/site-packages/pkg_laser/movement.py
/home/brunofarias/turtlebot3_ws/install/pkg_laser/lib/python3.8/site-packages/pkg_laser/node_laser.py
/home/brunofarias/turtlebot3_ws/install/pkg_laser/lib/python3.8/site-packages/pkg_laser/__pycache__/__init__.cpython-38.pyc
/home/brunofarias/turtlebot3_ws/install/pkg_laser/lib/python3.8/site-packages/pkg_laser/__pycache__/laser.cpython-38.pyc
/home/brunofarias/turtlebot3_ws/install/pkg_laser/lib/python3.8/site-packages/pkg_laser/__pycache__/movement.cpython-38.pyc
/home/brunofarias/turtlebot3_ws/install/pkg_laser/lib/python3.8/site-packages/pkg_laser/__pycache__/node_laser.cpython-38.pyc
/home/brunofarias/turtlebot3_ws/install/pkg_laser/share/ament_index/resource_index/packages/pkg_laser
/home/brunofarias/turtlebot3_ws/install/pkg_laser/share/pkg_laser/package.xml
/home/brunofarias/turtlebot3_ws/install/pkg_laser/lib/python3.8/site-packages/pkg_laser-0.0.0-py3.8.egg-info/requires.txt
/home/brunofarias/turtlebot3_ws/install/pkg_laser/lib/python3.8/site-packages/pkg_laser-0.0.0-py3.8.egg-info/dependency_links.txt
/home/brunofarias/turtlebot3_ws/install/pkg_laser/lib/python3.8/site-packages/pkg_laser-0.0.0-py3.8.egg-info/PKG-INFO
/home/brunofarias/turtlebot3_ws/install/pkg_laser/lib/python3.8/site-packages/pkg_laser-0.0.0-py3.8.egg-info/zip-safe
/home/brunofarias/turtlebot3_ws/install/pkg_laser/lib/python3.8/site-packages/pkg_laser-0.0.0-py3.8.egg-info/SOURCES.txt
/home/brunofarias/turtlebot3_ws/install/pkg_laser/lib/python3.8/site-packages/pkg_laser-0.0.0-py3.8.egg-info/entry_points.txt
/home/brunofarias/turtlebot3_ws/install/pkg_laser/lib/python3.8/site-packages/pkg_laser-0.0.0-py3.8.egg-info/top_level.txt
/home/brunofarias/turtlebot3_ws/install/pkg_laser/lib/pkg_laser/laser
/home/brunofarias/turtlebot3_ws/install/pkg_laser/lib/pkg_laser/movement
/home/brunofarias/turtlebot3_ws/install/pkg_laser/lib/pkg_laser/node_laser
