[0.018s] Invoking command in '/home/brunofarias/turtlebot3_ws/build/turtlebot3_navigation2': CMAKE_PREFIX_PATH=/home/brunofarias/workspace/install/my_package:/home/brunofarias/workspace/install/custom_turtle:/opt/ros/galactic /usr/bin/cmake /home/brunofarias/turtlebot3_ws/src/turtlebot3/turtlebot3/turtlebot3_navigation2 -DAMENT_CMAKE_SYMLINK_INSTALL=1 -DCMAKE_INSTALL_PREFIX=/home/brunofarias/turtlebot3_ws/install/turtlebot3_navigation2
[0.106s] -- The C compiler identification is GNU 9.4.0
[0.175s] -- The CXX compiler identification is GNU 9.4.0
[0.180s] -- Check for working C compiler: /usr/bin/cc
[0.254s] -- Check for working C compiler: /usr/bin/cc -- works
[0.255s] -- Detecting C compiler ABI info
[0.338s] -- Detecting C compiler ABI info - done
[0.350s] -- Detecting C compile features
[0.351s] -- Detecting C compile features - done
[0.353s] -- Check for working CXX compiler: /usr/bin/c++
[0.506s] -- Check for working CXX compiler: /usr/bin/c++ -- works
[0.507s] -- Detecting CXX compiler ABI info
[0.721s] -- Detecting CXX compiler ABI info - done
[0.741s] -- Detecting CXX compile features
[0.741s] -- Detecting CXX compile features - done
[0.742s] -- Found ament_cmake: 1.1.5 (/opt/ros/galactic/share/ament_cmake/cmake)
[0.765s] -- Found PythonInterp: /usr/bin/python3 (found suitable version "3.8.10", minimum required is "3") 
[0.765s] -- Using PYTHON_EXECUTABLE: /usr/bin/python3
[0.829s] -- Override CMake install command with custom implementation using symlinks instead of copying resources
[0.986s] -- Configuring done
[0.988s] -- Generating done
[0.989s] -- Build files have been written to: /home/brunofarias/turtlebot3_ws/build/turtlebot3_navigation2
[0.995s] Invoked command in '/home/brunofarias/turtlebot3_ws/build/turtlebot3_navigation2' returned '0': CMAKE_PREFIX_PATH=/home/brunofarias/workspace/install/my_package:/home/brunofarias/workspace/install/custom_turtle:/opt/ros/galactic /usr/bin/cmake /home/brunofarias/turtlebot3_ws/src/turtlebot3/turtlebot3/turtlebot3_navigation2 -DAMENT_CMAKE_SYMLINK_INSTALL=1 -DCMAKE_INSTALL_PREFIX=/home/brunofarias/turtlebot3_ws/install/turtlebot3_navigation2
[1.000s] Invoking command in '/home/brunofarias/turtlebot3_ws/build/turtlebot3_navigation2': CMAKE_PREFIX_PATH=/home/brunofarias/workspace/install/my_package:/home/brunofarias/workspace/install/custom_turtle:/opt/ros/galactic /usr/bin/cmake --build /home/brunofarias/turtlebot3_ws/build/turtlebot3_navigation2 -- -j4 -l4
[1.118s] Invoked command in '/home/brunofarias/turtlebot3_ws/build/turtlebot3_navigation2' returned '0': CMAKE_PREFIX_PATH=/home/brunofarias/workspace/install/my_package:/home/brunofarias/workspace/install/custom_turtle:/opt/ros/galactic /usr/bin/cmake --build /home/brunofarias/turtlebot3_ws/build/turtlebot3_navigation2 -- -j4 -l4
[1.366s] Invoking command in '/home/brunofarias/turtlebot3_ws/build/turtlebot3_navigation2': CMAKE_PREFIX_PATH=/home/brunofarias/workspace/install/my_package:/home/brunofarias/workspace/install/custom_turtle:/opt/ros/galactic /usr/bin/cmake --install /home/brunofarias/turtlebot3_ws/build/turtlebot3_navigation2
[1.405s] -- Install configuration: ""
[1.405s] -- Execute custom install script
[1.405s] -- Symlinking: /home/brunofarias/turtlebot3_ws/install/turtlebot3_navigation2/share/turtlebot3_navigation2/launch/navigation2.launch.py
[1.448s] -- Symlinking: /home/brunofarias/turtlebot3_ws/install/turtlebot3_navigation2/share/turtlebot3_navigation2/map/map.pgm
[1.475s] -- Symlinking: /home/brunofarias/turtlebot3_ws/install/turtlebot3_navigation2/share/turtlebot3_navigation2/map/map.yaml
[1.514s] -- Symlinking: /home/brunofarias/turtlebot3_ws/install/turtlebot3_navigation2/share/turtlebot3_navigation2/param/burger.yaml
[1.552s] -- Symlinking: /home/brunofarias/turtlebot3_ws/install/turtlebot3_navigation2/share/turtlebot3_navigation2/param/waffle.yaml
[1.561s] -- Symlinking: /home/brunofarias/turtlebot3_ws/install/turtlebot3_navigation2/share/turtlebot3_navigation2/param/waffle_pi.yaml
[1.572s] -- Symlinking: /home/brunofarias/turtlebot3_ws/install/turtlebot3_navigation2/share/turtlebot3_navigation2/rviz/tb3_navigation2.rviz
[1.582s] -- Symlinking: /home/brunofarias/turtlebot3_ws/install/turtlebot3_navigation2/share/ament_index/resource_index/package_run_dependencies/turtlebot3_navigation2
[1.611s] -- Symlinking: /home/brunofarias/turtlebot3_ws/install/turtlebot3_navigation2/share/ament_index/resource_index/parent_prefix_path/turtlebot3_navigation2
[1.648s] -- Symlinking: /home/brunofarias/turtlebot3_ws/install/turtlebot3_navigation2/share/turtlebot3_navigation2/environment/ament_prefix_path.sh
[1.674s] -- Symlinking: /home/brunofarias/turtlebot3_ws/install/turtlebot3_navigation2/share/turtlebot3_navigation2/environment/ament_prefix_path.dsv
[1.694s] -- Symlinking: /home/brunofarias/turtlebot3_ws/install/turtlebot3_navigation2/share/turtlebot3_navigation2/environment/path.sh
[1.719s] -- Symlinking: /home/brunofarias/turtlebot3_ws/install/turtlebot3_navigation2/share/turtlebot3_navigation2/environment/path.dsv
[1.750s] -- Symlinking: /home/brunofarias/turtlebot3_ws/install/turtlebot3_navigation2/share/turtlebot3_navigation2/local_setup.bash
[1.769s] -- Symlinking: /home/brunofarias/turtlebot3_ws/install/turtlebot3_navigation2/share/turtlebot3_navigation2/local_setup.sh
[1.786s] -- Symlinking: /home/brunofarias/turtlebot3_ws/install/turtlebot3_navigation2/share/turtlebot3_navigation2/local_setup.zsh
[1.818s] -- Symlinking: /home/brunofarias/turtlebot3_ws/install/turtlebot3_navigation2/share/turtlebot3_navigation2/local_setup.dsv
[1.832s] -- Symlinking: /home/brunofarias/turtlebot3_ws/install/turtlebot3_navigation2/share/turtlebot3_navigation2/package.dsv
[1.851s] -- Symlinking: /home/brunofarias/turtlebot3_ws/install/turtlebot3_navigation2/share/ament_index/resource_index/packages/turtlebot3_navigation2
[1.870s] -- Symlinking: /home/brunofarias/turtlebot3_ws/install/turtlebot3_navigation2/share/turtlebot3_navigation2/cmake/turtlebot3_navigation2Config.cmake
[1.880s] -- Symlinking: /home/brunofarias/turtlebot3_ws/install/turtlebot3_navigation2/share/turtlebot3_navigation2/cmake/turtlebot3_navigation2Config-version.cmake
[1.893s] -- Symlinking: /home/brunofarias/turtlebot3_ws/install/turtlebot3_navigation2/share/turtlebot3_navigation2/package.xml
[1.910s] Invoked command in '/home/brunofarias/turtlebot3_ws/build/turtlebot3_navigation2' returned '0': CMAKE_PREFIX_PATH=/home/brunofarias/workspace/install/my_package:/home/brunofarias/workspace/install/custom_turtle:/opt/ros/galactic /usr/bin/cmake --install /home/brunofarias/turtlebot3_ws/build/turtlebot3_navigation2
