[0.838s] Invoking command in '/home/brunofarias/turtlebot3_ws/build/turtlebot3_example': AMENT_PREFIX_PATH=/home/brunofarias/turtlebot3_ws/install/turtlebot3_msgs:${AMENT_PREFIX_PATH} CMAKE_PREFIX_PATH=/home/brunofarias/turtlebot3_ws/install/turtlebot3_msgs LD_LIBRARY_PATH=/home/brunofarias/turtlebot3_ws/install/turtlebot3_msgs/lib:${LD_LIBRARY_PATH} PYTHONPATH=/home/brunofarias/turtlebot3_ws/install/turtlebot3_example/lib/python3.8/site-packages:/home/brunofarias/turtlebot3_ws/install/turtlebot3_msgs/lib/python3.8/site-packages:${PYTHONPATH} /usr/bin/python3 setup.py develop --prefix /home/brunofarias/turtlebot3_ws/install/turtlebot3_example --uninstall --editable --build-directory /home/brunofarias/turtlebot3_ws/build/turtlebot3_example/build
[1.131s] running develop
[1.322s] Invoked command in '/home/brunofarias/turtlebot3_ws/build/turtlebot3_example' returned '0': AMENT_PREFIX_PATH=/home/brunofarias/turtlebot3_ws/install/turtlebot3_msgs:${AMENT_PREFIX_PATH} CMAKE_PREFIX_PATH=/home/brunofarias/turtlebot3_ws/install/turtlebot3_msgs LD_LIBRARY_PATH=/home/brunofarias/turtlebot3_ws/install/turtlebot3_msgs/lib:${LD_LIBRARY_PATH} PYTHONPATH=/home/brunofarias/turtlebot3_ws/install/turtlebot3_example/lib/python3.8/site-packages:/home/brunofarias/turtlebot3_ws/install/turtlebot3_msgs/lib/python3.8/site-packages:${PYTHONPATH} /usr/bin/python3 setup.py develop --prefix /home/brunofarias/turtlebot3_ws/install/turtlebot3_example --uninstall --editable --build-directory /home/brunofarias/turtlebot3_ws/build/turtlebot3_example/build
[1.324s] Invoking command in '/home/brunofarias/turtlebot3_ws/src/turtlebot3/turtlebot3/turtlebot3_example': AMENT_PREFIX_PATH=/home/brunofarias/turtlebot3_ws/install/turtlebot3_msgs:${AMENT_PREFIX_PATH} CMAKE_PREFIX_PATH=/home/brunofarias/turtlebot3_ws/install/turtlebot3_msgs LD_LIBRARY_PATH=/home/brunofarias/turtlebot3_ws/install/turtlebot3_msgs/lib:${LD_LIBRARY_PATH} PYTHONPATH=/home/brunofarias/turtlebot3_ws/install/turtlebot3_example/lib/python3.8/site-packages:/home/brunofarias/turtlebot3_ws/install/turtlebot3_msgs/lib/python3.8/site-packages:${PYTHONPATH} /usr/bin/python3 setup.py egg_info --egg-base ../../../../build/turtlebot3_example build --build-base /home/brunofarias/turtlebot3_ws/build/turtlebot3_example/build install --prefix /home/brunofarias/turtlebot3_ws/install/turtlebot3_example --record /home/brunofarias/turtlebot3_ws/build/turtlebot3_example/install.log --single-version-externally-managed
[1.556s] running egg_info
[1.557s] writing ../../../../build/turtlebot3_example/turtlebot3_example.egg-info/PKG-INFO
[1.557s] writing dependency_links to ../../../../build/turtlebot3_example/turtlebot3_example.egg-info/dependency_links.txt
[1.557s] writing entry points to ../../../../build/turtlebot3_example/turtlebot3_example.egg-info/entry_points.txt
[1.557s] writing requirements to ../../../../build/turtlebot3_example/turtlebot3_example.egg-info/requires.txt
[1.557s] writing top-level names to ../../../../build/turtlebot3_example/turtlebot3_example.egg-info/top_level.txt
[1.592s] reading manifest file '../../../../build/turtlebot3_example/turtlebot3_example.egg-info/SOURCES.txt'
[1.593s] writing manifest file '../../../../build/turtlebot3_example/turtlebot3_example.egg-info/SOURCES.txt'
[1.593s] running build
[1.593s] running build_py
[1.594s] running install
[1.595s] running install_lib
[1.597s] running install_data
[1.598s] running install_egg_info
[1.599s] removing '/home/brunofarias/turtlebot3_ws/install/turtlebot3_example/lib/python3.8/site-packages/turtlebot3_example-2.1.4-py3.8.egg-info' (and everything under it)
[1.600s] Copying ../../../../build/turtlebot3_example/turtlebot3_example.egg-info to /home/brunofarias/turtlebot3_ws/install/turtlebot3_example/lib/python3.8/site-packages/turtlebot3_example-2.1.4-py3.8.egg-info
[1.601s] running install_scripts
[1.617s] Installing turtlebot3_obstacle_detection script to /home/brunofarias/turtlebot3_ws/install/turtlebot3_example/lib/turtlebot3_example
[1.618s] Installing turtlebot3_patrol_client script to /home/brunofarias/turtlebot3_ws/install/turtlebot3_example/lib/turtlebot3_example
[1.618s] Installing turtlebot3_patrol_server script to /home/brunofarias/turtlebot3_ws/install/turtlebot3_example/lib/turtlebot3_example
[1.618s] Installing turtlebot3_position_control script to /home/brunofarias/turtlebot3_ws/install/turtlebot3_example/lib/turtlebot3_example
[1.619s] writing list of installed files to '/home/brunofarias/turtlebot3_ws/build/turtlebot3_example/install.log'
[1.641s] Invoked command in '/home/brunofarias/turtlebot3_ws/src/turtlebot3/turtlebot3/turtlebot3_example' returned '0': AMENT_PREFIX_PATH=/home/brunofarias/turtlebot3_ws/install/turtlebot3_msgs:${AMENT_PREFIX_PATH} CMAKE_PREFIX_PATH=/home/brunofarias/turtlebot3_ws/install/turtlebot3_msgs LD_LIBRARY_PATH=/home/brunofarias/turtlebot3_ws/install/turtlebot3_msgs/lib:${LD_LIBRARY_PATH} PYTHONPATH=/home/brunofarias/turtlebot3_ws/install/turtlebot3_example/lib/python3.8/site-packages:/home/brunofarias/turtlebot3_ws/install/turtlebot3_msgs/lib/python3.8/site-packages:${PYTHONPATH} /usr/bin/python3 setup.py egg_info --egg-base ../../../../build/turtlebot3_example build --build-base /home/brunofarias/turtlebot3_ws/build/turtlebot3_example/build install --prefix /home/brunofarias/turtlebot3_ws/install/turtlebot3_example --record /home/brunofarias/turtlebot3_ws/build/turtlebot3_example/install.log --single-version-externally-managed
