[0.057s] Invoking command in '/home/brunofarias/turtlebot3_ws/build/turtlebot3_msgs': CMAKE_PREFIX_PATH=${CMAKE_PREFIX_PATH}:/home/brunofarias/turtlebot3_ws/install/pkg_laser:/home/brunofarias/turtlebot3_ws/install/turtlebot3_teleop:/home/brunofarias/turtlebot3_ws/install/turtlebot3_example:/home/brunofarias/workspace/install/my_package:/home/brunofarias/workspace/install/custom_turtle:/opt/ros/galactic /usr/bin/cmake --build /home/brunofarias/turtlebot3_ws/build/turtlebot3_msgs -- -j4 -l4
[0.196s] [  1%] Built target turtlebot3_msgs__cpp
[0.197s] [ 12%] Built target turtlebot3_msgs__rosidl_generator_c
[0.243s] [ 23%] Built target turtlebot3_msgs__rosidl_typesupport_cpp
[0.268s] [ 35%] Built target turtlebot3_msgs__rosidl_typesupport_introspection_cpp
[0.268s] [ 46%] Built target turtlebot3_msgs__rosidl_typesupport_c
[0.268s] [ 57%] Built target turtlebot3_msgs__rosidl_typesupport_fastrtps_cpp
[0.297s] [ 69%] Built target turtlebot3_msgs__rosidl_typesupport_introspection_c
[0.341s] [ 80%] Built target turtlebot3_msgs__rosidl_typesupport_fastrtps_c
[0.370s] [ 80%] Built target turtlebot3_msgs
[0.401s] [ 81%] Built target turtlebot3_msgs__py
[0.438s] [ 91%] Built target turtlebot3_msgs__python
[0.523s] [ 94%] Built target turtlebot3_msgs__rosidl_typesupport_fastrtps_c__pyext
[0.531s] [ 97%] Built target turtlebot3_msgs__rosidl_typesupport_c__pyext
[0.543s] [100%] Built target turtlebot3_msgs__rosidl_typesupport_introspection_c__pyext
[0.570s] Invoked command in '/home/brunofarias/turtlebot3_ws/build/turtlebot3_msgs' returned '0': CMAKE_PREFIX_PATH=${CMAKE_PREFIX_PATH}:/home/brunofarias/turtlebot3_ws/install/pkg_laser:/home/brunofarias/turtlebot3_ws/install/turtlebot3_teleop:/home/brunofarias/turtlebot3_ws/install/turtlebot3_example:/home/brunofarias/workspace/install/my_package:/home/brunofarias/workspace/install/custom_turtle:/opt/ros/galactic /usr/bin/cmake --build /home/brunofarias/turtlebot3_ws/build/turtlebot3_msgs -- -j4 -l4
[1.133s] Invoking command in '/home/brunofarias/turtlebot3_ws/build/turtlebot3_msgs': CMAKE_PREFIX_PATH=${CMAKE_PREFIX_PATH}:/home/brunofarias/turtlebot3_ws/install/pkg_laser:/home/brunofarias/turtlebot3_ws/install/turtlebot3_teleop:/home/brunofarias/turtlebot3_ws/install/turtlebot3_example:/home/brunofarias/workspace/install/my_package:/home/brunofarias/workspace/install/custom_turtle:/opt/ros/galactic /usr/bin/cmake --install /home/brunofarias/turtlebot3_ws/build/turtlebot3_msgs
[1.150s] -- Install configuration: ""
[1.152s] -- Execute custom install script
[1.154s] -- Up-to-date symlink: /home/brunofarias/turtlebot3_ws/install/turtlebot3_msgs/share/ament_index/resource_index/rosidl_interfaces/turtlebot3_msgs
[1.154s] -- Up-to-date symlink: /home/brunofarias/turtlebot3_ws/install/turtlebot3_msgs/include/turtlebot3_msgs/action/detail/patrol__functions.h
[1.154s] -- Up-to-date symlink: /home/brunofarias/turtlebot3_ws/install/turtlebot3_msgs/include/turtlebot3_msgs/action/detail/patrol__struct.h
[1.154s] -- Up-to-date symlink: /home/brunofarias/turtlebot3_ws/install/turtlebot3_msgs/include/turtlebot3_msgs/action/detail/patrol__type_support.h
[1.155s] -- Up-to-date symlink: /home/brunofarias/turtlebot3_ws/install/turtlebot3_msgs/include/turtlebot3_msgs/action/patrol.h
[1.155s] -- Up-to-date symlink: /home/brunofarias/turtlebot3_ws/install/turtlebot3_msgs/include/turtlebot3_msgs/msg/detail/sensor_state__functions.h
[1.156s] -- Up-to-date symlink: /home/brunofarias/turtlebot3_ws/install/turtlebot3_msgs/include/turtlebot3_msgs/msg/detail/sensor_state__struct.h
[1.156s] -- Up-to-date symlink: /home/brunofarias/turtlebot3_ws/install/turtlebot3_msgs/include/turtlebot3_msgs/msg/detail/sensor_state__type_support.h
[1.156s] -- Up-to-date symlink: /home/brunofarias/turtlebot3_ws/install/turtlebot3_msgs/include/turtlebot3_msgs/msg/detail/sound__functions.h
[1.156s] -- Up-to-date symlink: /home/brunofarias/turtlebot3_ws/install/turtlebot3_msgs/include/turtlebot3_msgs/msg/detail/sound__struct.h
[1.156s] -- Up-to-date symlink: /home/brunofarias/turtlebot3_ws/install/turtlebot3_msgs/include/turtlebot3_msgs/msg/detail/sound__type_support.h
[1.156s] -- Up-to-date symlink: /home/brunofarias/turtlebot3_ws/install/turtlebot3_msgs/include/turtlebot3_msgs/msg/detail/version_info__functions.h
[1.156s] -- Up-to-date symlink: /home/brunofarias/turtlebot3_ws/install/turtlebot3_msgs/include/turtlebot3_msgs/msg/detail/version_info__struct.h
[1.156s] -- Up-to-date symlink: /home/brunofarias/turtlebot3_ws/install/turtlebot3_msgs/include/turtlebot3_msgs/msg/detail/version_info__type_support.h
[1.156s] -- Up-to-date symlink: /home/brunofarias/turtlebot3_ws/install/turtlebot3_msgs/include/turtlebot3_msgs/msg/rosidl_generator_c__visibility_control.h
[1.156s] -- Up-to-date symlink: /home/brunofarias/turtlebot3_ws/install/turtlebot3_msgs/include/turtlebot3_msgs/msg/sensor_state.h
[1.156s] -- Up-to-date symlink: /home/brunofarias/turtlebot3_ws/install/turtlebot3_msgs/include/turtlebot3_msgs/msg/sound.h
[1.156s] -- Up-to-date symlink: /home/brunofarias/turtlebot3_ws/install/turtlebot3_msgs/include/turtlebot3_msgs/msg/version_info.h
[1.156s] -- Up-to-date symlink: /home/brunofarias/turtlebot3_ws/install/turtlebot3_msgs/include/turtlebot3_msgs/srv/detail/dqn__functions.h
[1.157s] -- Up-to-date symlink: /home/brunofarias/turtlebot3_ws/install/turtlebot3_msgs/include/turtlebot3_msgs/srv/detail/dqn__struct.h
[1.157s] -- Up-to-date symlink: /home/brunofarias/turtlebot3_ws/install/turtlebot3_msgs/include/turtlebot3_msgs/srv/detail/dqn__type_support.h
[1.157s] -- Up-to-date symlink: /home/brunofarias/turtlebot3_ws/install/turtlebot3_msgs/include/turtlebot3_msgs/srv/detail/sound__functions.h
[1.157s] -- Up-to-date symlink: /home/brunofarias/turtlebot3_ws/install/turtlebot3_msgs/include/turtlebot3_msgs/srv/detail/sound__struct.h
[1.157s] -- Up-to-date symlink: /home/brunofarias/turtlebot3_ws/install/turtlebot3_msgs/include/turtlebot3_msgs/srv/detail/sound__type_support.h
[1.157s] -- Up-to-date symlink: /home/brunofarias/turtlebot3_ws/install/turtlebot3_msgs/include/turtlebot3_msgs/srv/dqn.h
[1.157s] -- Up-to-date symlink: /home/brunofarias/turtlebot3_ws/install/turtlebot3_msgs/include/turtlebot3_msgs/srv/sound.h
[1.157s] -- Up-to-date symlink: /home/brunofarias/turtlebot3_ws/install/turtlebot3_msgs/share/turtlebot3_msgs/environment/library_path.sh
[1.157s] -- Up-to-date symlink: /home/brunofarias/turtlebot3_ws/install/turtlebot3_msgs/share/turtlebot3_msgs/environment/library_path.dsv
[1.157s] -- Up-to-date symlink: /home/brunofarias/turtlebot3_ws/install/turtlebot3_msgs/include/turtlebot3_msgs/action/detail/patrol__rosidl_typesupport_fastrtps_c.h
[1.157s] -- Up-to-date symlink: /home/brunofarias/turtlebot3_ws/install/turtlebot3_msgs/include/turtlebot3_msgs/msg/detail/sensor_state__rosidl_typesupport_fastrtps_c.h
[1.157s] -- Up-to-date symlink: /home/brunofarias/turtlebot3_ws/install/turtlebot3_msgs/include/turtlebot3_msgs/msg/detail/sound__rosidl_typesupport_fastrtps_c.h
[1.159s] -- Up-to-date symlink: /home/brunofarias/turtlebot3_ws/install/turtlebot3_msgs/include/turtlebot3_msgs/msg/detail/version_info__rosidl_typesupport_fastrtps_c.h
[1.160s] -- Up-to-date symlink: /home/brunofarias/turtlebot3_ws/install/turtlebot3_msgs/include/turtlebot3_msgs/msg/rosidl_typesupport_fastrtps_c__visibility_control.h
[1.160s] -- Up-to-date symlink: /home/brunofarias/turtlebot3_ws/install/turtlebot3_msgs/include/turtlebot3_msgs/srv/detail/dqn__rosidl_typesupport_fastrtps_c.h
[1.169s] -- Up-to-date symlink: /home/brunofarias/turtlebot3_ws/install/turtlebot3_msgs/include/turtlebot3_msgs/srv/detail/sound__rosidl_typesupport_fastrtps_c.h
[1.174s] -- Up-to-date symlink: /home/brunofarias/turtlebot3_ws/install/turtlebot3_msgs/lib/libturtlebot3_msgs__rosidl_typesupport_fastrtps_c.so
[1.175s] -- Up-to-date symlink: /home/brunofarias/turtlebot3_ws/install/turtlebot3_msgs/include/turtlebot3_msgs/action/detail/patrol__rosidl_typesupport_fastrtps_cpp.hpp
[1.175s] -- Up-to-date symlink: /home/brunofarias/turtlebot3_ws/install/turtlebot3_msgs/include/turtlebot3_msgs/msg/detail/sensor_state__rosidl_typesupport_fastrtps_cpp.hpp
[1.175s] -- Up-to-date symlink: /home/brunofarias/turtlebot3_ws/install/turtlebot3_msgs/include/turtlebot3_msgs/msg/detail/sound__rosidl_typesupport_fastrtps_cpp.hpp
[1.175s] -- Up-to-date symlink: /home/brunofarias/turtlebot3_ws/install/turtlebot3_msgs/include/turtlebot3_msgs/msg/detail/version_info__rosidl_typesupport_fastrtps_cpp.hpp
[1.178s] -- Up-to-date symlink: /home/brunofarias/turtlebot3_ws/install/turtlebot3_msgs/include/turtlebot3_msgs/msg/rosidl_typesupport_fastrtps_cpp__visibility_control.h
[1.178s] -- Up-to-date symlink: /home/brunofarias/turtlebot3_ws/install/turtlebot3_msgs/include/turtlebot3_msgs/srv/detail/dqn__rosidl_typesupport_fastrtps_cpp.hpp
[1.178s] -- Up-to-date symlink: /home/brunofarias/turtlebot3_ws/install/turtlebot3_msgs/include/turtlebot3_msgs/srv/detail/sound__rosidl_typesupport_fastrtps_cpp.hpp
[1.178s] -- Up-to-date symlink: /home/brunofarias/turtlebot3_ws/install/turtlebot3_msgs/lib/libturtlebot3_msgs__rosidl_typesupport_fastrtps_cpp.so
[1.178s] -- Up-to-date symlink: /home/brunofarias/turtlebot3_ws/install/turtlebot3_msgs/include/turtlebot3_msgs/action/detail/patrol__rosidl_typesupport_introspection_c.h
[1.178s] -- Up-to-date symlink: /home/brunofarias/turtlebot3_ws/install/turtlebot3_msgs/include/turtlebot3_msgs/msg/detail/sensor_state__rosidl_typesupport_introspection_c.h
[1.178s] -- Up-to-date symlink: /home/brunofarias/turtlebot3_ws/install/turtlebot3_msgs/include/turtlebot3_msgs/msg/detail/sound__rosidl_typesupport_introspection_c.h
[1.178s] -- Up-to-date symlink: /home/brunofarias/turtlebot3_ws/install/turtlebot3_msgs/include/turtlebot3_msgs/msg/detail/version_info__rosidl_typesupport_introspection_c.h
[1.178s] -- Up-to-date symlink: /home/brunofarias/turtlebot3_ws/install/turtlebot3_msgs/include/turtlebot3_msgs/msg/rosidl_typesupport_introspection_c__visibility_control.h
[1.179s] -- Up-to-date symlink: /home/brunofarias/turtlebot3_ws/install/turtlebot3_msgs/include/turtlebot3_msgs/srv/detail/dqn__rosidl_typesupport_introspection_c.h
[1.179s] -- Up-to-date symlink: /home/brunofarias/turtlebot3_ws/install/turtlebot3_msgs/include/turtlebot3_msgs/srv/detail/sound__rosidl_typesupport_introspection_c.h
[1.179s] -- Up-to-date symlink: /home/brunofarias/turtlebot3_ws/install/turtlebot3_msgs/include/turtlebot3_msgs/action/detail/patrol__builder.hpp
[1.179s] -- Up-to-date symlink: /home/brunofarias/turtlebot3_ws/install/turtlebot3_msgs/include/turtlebot3_msgs/action/detail/patrol__struct.hpp
[1.179s] -- Up-to-date symlink: /home/brunofarias/turtlebot3_ws/install/turtlebot3_msgs/include/turtlebot3_msgs/action/detail/patrol__traits.hpp
[1.179s] -- Up-to-date symlink: /home/brunofarias/turtlebot3_ws/install/turtlebot3_msgs/include/turtlebot3_msgs/action/patrol.hpp
[1.179s] -- Up-to-date symlink: /home/brunofarias/turtlebot3_ws/install/turtlebot3_msgs/include/turtlebot3_msgs/msg/detail/sensor_state__builder.hpp
[1.179s] -- Up-to-date symlink: /home/brunofarias/turtlebot3_ws/install/turtlebot3_msgs/include/turtlebot3_msgs/msg/detail/sensor_state__struct.hpp
[1.179s] -- Up-to-date symlink: /home/brunofarias/turtlebot3_ws/install/turtlebot3_msgs/include/turtlebot3_msgs/msg/detail/sensor_state__traits.hpp
[1.179s] -- Up-to-date symlink: /home/brunofarias/turtlebot3_ws/install/turtlebot3_msgs/include/turtlebot3_msgs/msg/detail/sound__builder.hpp
[1.179s] -- Up-to-date symlink: /home/brunofarias/turtlebot3_ws/install/turtlebot3_msgs/include/turtlebot3_msgs/msg/detail/sound__struct.hpp
[1.179s] -- Up-to-date symlink: /home/brunofarias/turtlebot3_ws/install/turtlebot3_msgs/include/turtlebot3_msgs/msg/detail/sound__traits.hpp
[1.179s] -- Up-to-date symlink: /home/brunofarias/turtlebot3_ws/install/turtlebot3_msgs/include/turtlebot3_msgs/msg/detail/version_info__builder.hpp
[1.179s] -- Up-to-date symlink: /home/brunofarias/turtlebot3_ws/install/turtlebot3_msgs/include/turtlebot3_msgs/msg/detail/version_info__struct.hpp
[1.179s] -- Up-to-date symlink: /home/brunofarias/turtlebot3_ws/install/turtlebot3_msgs/include/turtlebot3_msgs/msg/detail/version_info__traits.hpp
[1.180s] -- Up-to-date symlink: /home/brunofarias/turtlebot3_ws/install/turtlebot3_msgs/include/turtlebot3_msgs/msg/sensor_state.hpp
[1.180s] -- Up-to-date symlink: /home/brunofarias/turtlebot3_ws/install/turtlebot3_msgs/include/turtlebot3_msgs/msg/sound.hpp
[1.180s] -- Up-to-date symlink: /home/brunofarias/turtlebot3_ws/install/turtlebot3_msgs/include/turtlebot3_msgs/msg/version_info.hpp
[1.180s] -- Up-to-date symlink: /home/brunofarias/turtlebot3_ws/install/turtlebot3_msgs/include/turtlebot3_msgs/srv/detail/dqn__builder.hpp
[1.180s] -- Up-to-date symlink: /home/brunofarias/turtlebot3_ws/install/turtlebot3_msgs/include/turtlebot3_msgs/srv/detail/dqn__struct.hpp
[1.180s] -- Up-to-date symlink: /home/brunofarias/turtlebot3_ws/install/turtlebot3_msgs/include/turtlebot3_msgs/srv/detail/dqn__traits.hpp
[1.180s] -- Up-to-date symlink: /home/brunofarias/turtlebot3_ws/install/turtlebot3_msgs/include/turtlebot3_msgs/srv/detail/sound__builder.hpp
[1.180s] -- Up-to-date symlink: /home/brunofarias/turtlebot3_ws/install/turtlebot3_msgs/include/turtlebot3_msgs/srv/detail/sound__struct.hpp
[1.180s] -- Up-to-date symlink: /home/brunofarias/turtlebot3_ws/install/turtlebot3_msgs/include/turtlebot3_msgs/srv/detail/sound__traits.hpp
[1.180s] -- Up-to-date symlink: /home/brunofarias/turtlebot3_ws/install/turtlebot3_msgs/include/turtlebot3_msgs/srv/dqn.hpp
[1.180s] -- Up-to-date symlink: /home/brunofarias/turtlebot3_ws/install/turtlebot3_msgs/include/turtlebot3_msgs/srv/sound.hpp
[1.180s] -- Up-to-date symlink: /home/brunofarias/turtlebot3_ws/install/turtlebot3_msgs/include/turtlebot3_msgs/action/detail/patrol__rosidl_typesupport_introspection_cpp.hpp
[1.180s] -- Up-to-date symlink: /home/brunofarias/turtlebot3_ws/install/turtlebot3_msgs/include/turtlebot3_msgs/msg/detail/sensor_state__rosidl_typesupport_introspection_cpp.hpp
[1.180s] -- Up-to-date symlink: /home/brunofarias/turtlebot3_ws/install/turtlebot3_msgs/include/turtlebot3_msgs/msg/detail/sound__rosidl_typesupport_introspection_cpp.hpp
[1.180s] -- Up-to-date symlink: /home/brunofarias/turtlebot3_ws/install/turtlebot3_msgs/include/turtlebot3_msgs/msg/detail/version_info__rosidl_typesupport_introspection_cpp.hpp
[1.181s] -- Up-to-date symlink: /home/brunofarias/turtlebot3_ws/install/turtlebot3_msgs/include/turtlebot3_msgs/srv/detail/dqn__rosidl_typesupport_introspection_cpp.hpp
[1.181s] -- Up-to-date symlink: /home/brunofarias/turtlebot3_ws/install/turtlebot3_msgs/include/turtlebot3_msgs/srv/detail/sound__rosidl_typesupport_introspection_cpp.hpp
[1.181s] -- Up-to-date symlink: /home/brunofarias/turtlebot3_ws/install/turtlebot3_msgs/share/turtlebot3_msgs/environment/pythonpath.sh
[1.181s] -- Up-to-date symlink: /home/brunofarias/turtlebot3_ws/install/turtlebot3_msgs/share/turtlebot3_msgs/environment/pythonpath.dsv
[1.181s] -- Up-to-date symlink: /home/brunofarias/turtlebot3_ws/install/turtlebot3_msgs/lib/python3.8/site-packages/turtlebot3_msgs/__init__.py
[1.181s] -- Up-to-date symlink: /home/brunofarias/turtlebot3_ws/install/turtlebot3_msgs/lib/python3.8/site-packages/turtlebot3_msgs/msg/__init__.py
[1.181s] -- Up-to-date symlink: /home/brunofarias/turtlebot3_ws/install/turtlebot3_msgs/lib/python3.8/site-packages/turtlebot3_msgs/msg/_sensor_state.py
[1.181s] -- Up-to-date symlink: /home/brunofarias/turtlebot3_ws/install/turtlebot3_msgs/lib/python3.8/site-packages/turtlebot3_msgs/msg/_sound.py
[1.181s] -- Up-to-date symlink: /home/brunofarias/turtlebot3_ws/install/turtlebot3_msgs/lib/python3.8/site-packages/turtlebot3_msgs/msg/_version_info.py
[1.181s] -- Up-to-date symlink: /home/brunofarias/turtlebot3_ws/install/turtlebot3_msgs/lib/python3.8/site-packages/turtlebot3_msgs/srv/__init__.py
[1.181s] -- Up-to-date symlink: /home/brunofarias/turtlebot3_ws/install/turtlebot3_msgs/lib/python3.8/site-packages/turtlebot3_msgs/srv/_dqn.py
[1.181s] -- Up-to-date symlink: /home/brunofarias/turtlebot3_ws/install/turtlebot3_msgs/lib/python3.8/site-packages/turtlebot3_msgs/srv/_sound.py
[1.181s] -- Up-to-date symlink: /home/brunofarias/turtlebot3_ws/install/turtlebot3_msgs/lib/python3.8/site-packages/turtlebot3_msgs/action/__init__.py
[1.181s] -- Up-to-date symlink: /home/brunofarias/turtlebot3_ws/install/turtlebot3_msgs/lib/python3.8/site-packages/turtlebot3_msgs/action/_patrol.py
[1.181s] -- Up-to-date symlink: /home/brunofarias/turtlebot3_ws/install/turtlebot3_msgs/lib/python3.8/site-packages/turtlebot3_msgs/turtlebot3_msgs_s__rosidl_typesupport_fastrtps_c.cpython-38-x86_64-linux-gnu.so
[1.182s] -- Up-to-date symlink: /home/brunofarias/turtlebot3_ws/install/turtlebot3_msgs/lib/python3.8/site-packages/turtlebot3_msgs/turtlebot3_msgs_s__rosidl_typesupport_introspection_c.cpython-38-x86_64-linux-gnu.so
[1.182s] -- Up-to-date symlink: /home/brunofarias/turtlebot3_ws/install/turtlebot3_msgs/lib/python3.8/site-packages/turtlebot3_msgs/turtlebot3_msgs_s__rosidl_typesupport_c.cpython-38-x86_64-linux-gnu.so
[1.182s] -- Up-to-date symlink: /home/brunofarias/turtlebot3_ws/install/turtlebot3_msgs/lib/libturtlebot3_msgs__python.so
[1.182s] -- Up-to-date symlink: /home/brunofarias/turtlebot3_ws/install/turtlebot3_msgs/share/turtlebot3_msgs/msg/SensorState.idl
[1.182s] -- Up-to-date symlink: /home/brunofarias/turtlebot3_ws/install/turtlebot3_msgs/share/turtlebot3_msgs/msg/Sound.idl
[1.182s] -- Up-to-date symlink: /home/brunofarias/turtlebot3_ws/install/turtlebot3_msgs/share/turtlebot3_msgs/msg/VersionInfo.idl
[1.182s] -- Up-to-date symlink: /home/brunofarias/turtlebot3_ws/install/turtlebot3_msgs/share/turtlebot3_msgs/srv/Sound.idl
[1.182s] -- Up-to-date symlink: /home/brunofarias/turtlebot3_ws/install/turtlebot3_msgs/share/turtlebot3_msgs/srv/Dqn.idl
[1.182s] -- Up-to-date symlink: /home/brunofarias/turtlebot3_ws/install/turtlebot3_msgs/share/turtlebot3_msgs/action/Patrol.idl
[1.182s] -- Up-to-date symlink: /home/brunofarias/turtlebot3_ws/install/turtlebot3_msgs/share/turtlebot3_msgs/msg/SensorState.msg
[1.182s] -- Up-to-date symlink: /home/brunofarias/turtlebot3_ws/install/turtlebot3_msgs/share/turtlebot3_msgs/msg/Sound.msg
[1.182s] -- Up-to-date symlink: /home/brunofarias/turtlebot3_ws/install/turtlebot3_msgs/share/turtlebot3_msgs/msg/VersionInfo.msg
[1.182s] -- Up-to-date symlink: /home/brunofarias/turtlebot3_ws/install/turtlebot3_msgs/share/turtlebot3_msgs/srv/Sound.srv
[1.182s] -- Up-to-date symlink: /home/brunofarias/turtlebot3_ws/install/turtlebot3_msgs/share/turtlebot3_msgs/srv/Sound_Request.msg
[1.182s] -- Up-to-date symlink: /home/brunofarias/turtlebot3_ws/install/turtlebot3_msgs/share/turtlebot3_msgs/srv/Sound_Response.msg
[1.182s] -- Up-to-date symlink: /home/brunofarias/turtlebot3_ws/install/turtlebot3_msgs/share/turtlebot3_msgs/srv/Dqn.srv
[1.183s] -- Up-to-date symlink: /home/brunofarias/turtlebot3_ws/install/turtlebot3_msgs/share/turtlebot3_msgs/srv/Dqn_Request.msg
[1.183s] -- Up-to-date symlink: /home/brunofarias/turtlebot3_ws/install/turtlebot3_msgs/share/turtlebot3_msgs/srv/Dqn_Response.msg
[1.183s] -- Up-to-date symlink: /home/brunofarias/turtlebot3_ws/install/turtlebot3_msgs/share/turtlebot3_msgs/action/Patrol.action
[1.183s] -- Up-to-date symlink: /home/brunofarias/turtlebot3_ws/install/turtlebot3_msgs/share/ament_index/resource_index/package_run_dependencies/turtlebot3_msgs
[1.187s] -- Up-to-date symlink: /home/brunofarias/turtlebot3_ws/install/turtlebot3_msgs/share/ament_index/resource_index/parent_prefix_path/turtlebot3_msgs
[1.188s] -- Up-to-date symlink: /home/brunofarias/turtlebot3_ws/install/turtlebot3_msgs/share/turtlebot3_msgs/environment/ament_prefix_path.sh
[1.188s] -- Up-to-date symlink: /home/brunofarias/turtlebot3_ws/install/turtlebot3_msgs/share/turtlebot3_msgs/environment/ament_prefix_path.dsv
[1.188s] -- Up-to-date symlink: /home/brunofarias/turtlebot3_ws/install/turtlebot3_msgs/share/turtlebot3_msgs/environment/path.sh
[1.188s] -- Up-to-date symlink: /home/brunofarias/turtlebot3_ws/install/turtlebot3_msgs/share/turtlebot3_msgs/environment/path.dsv
[1.188s] -- Up-to-date symlink: /home/brunofarias/turtlebot3_ws/install/turtlebot3_msgs/share/turtlebot3_msgs/local_setup.bash
[1.188s] -- Up-to-date symlink: /home/brunofarias/turtlebot3_ws/install/turtlebot3_msgs/share/turtlebot3_msgs/local_setup.sh
[1.188s] -- Up-to-date symlink: /home/brunofarias/turtlebot3_ws/install/turtlebot3_msgs/share/turtlebot3_msgs/local_setup.zsh
[1.188s] -- Up-to-date symlink: /home/brunofarias/turtlebot3_ws/install/turtlebot3_msgs/share/turtlebot3_msgs/local_setup.dsv
[1.188s] -- Symlinking: /home/brunofarias/turtlebot3_ws/install/turtlebot3_msgs/share/turtlebot3_msgs/package.dsv
[1.208s] -- Up-to-date symlink: /home/brunofarias/turtlebot3_ws/install/turtlebot3_msgs/share/ament_index/resource_index/packages/turtlebot3_msgs
[1.208s] -- Up-to-date symlink: /home/brunofarias/turtlebot3_ws/install/turtlebot3_msgs/share/turtlebot3_msgs/cmake/rosidl_cmake-extras.cmake
[1.208s] -- Up-to-date symlink: /home/brunofarias/turtlebot3_ws/install/turtlebot3_msgs/share/turtlebot3_msgs/cmake/ament_cmake_export_dependencies-extras.cmake
[1.208s] -- Up-to-date symlink: /home/brunofarias/turtlebot3_ws/install/turtlebot3_msgs/share/turtlebot3_msgs/cmake/ament_cmake_export_libraries-extras.cmake
[1.208s] -- Up-to-date symlink: /home/brunofarias/turtlebot3_ws/install/turtlebot3_msgs/share/turtlebot3_msgs/cmake/ament_cmake_export_targets-extras.cmake
[1.208s] -- Up-to-date symlink: /home/brunofarias/turtlebot3_ws/install/turtlebot3_msgs/share/turtlebot3_msgs/cmake/ament_cmake_export_include_directories-extras.cmake
[1.208s] -- Up-to-date symlink: /home/brunofarias/turtlebot3_ws/install/turtlebot3_msgs/share/turtlebot3_msgs/cmake/rosidl_cmake_export_typesupport_libraries-extras.cmake
[1.208s] -- Up-to-date symlink: /home/brunofarias/turtlebot3_ws/install/turtlebot3_msgs/share/turtlebot3_msgs/cmake/rosidl_cmake_export_typesupport_targets-extras.cmake
[1.208s] -- Up-to-date symlink: /home/brunofarias/turtlebot3_ws/install/turtlebot3_msgs/share/turtlebot3_msgs/cmake/turtlebot3_msgsConfig.cmake
[1.209s] -- Up-to-date symlink: /home/brunofarias/turtlebot3_ws/install/turtlebot3_msgs/share/turtlebot3_msgs/cmake/turtlebot3_msgsConfig-version.cmake
[1.209s] -- Up-to-date symlink: /home/brunofarias/turtlebot3_ws/install/turtlebot3_msgs/share/turtlebot3_msgs/package.xml
[1.209s] -- Up-to-date: /home/brunofarias/turtlebot3_ws/install/turtlebot3_msgs/lib/libturtlebot3_msgs__rosidl_generator_c.so
[1.209s] -- Up-to-date: /home/brunofarias/turtlebot3_ws/install/turtlebot3_msgs/lib/libturtlebot3_msgs__rosidl_typesupport_introspection_c.so
[1.209s] -- Up-to-date: /home/brunofarias/turtlebot3_ws/install/turtlebot3_msgs/lib/libturtlebot3_msgs__rosidl_typesupport_c.so
[1.209s] -- Up-to-date: /home/brunofarias/turtlebot3_ws/install/turtlebot3_msgs/lib/libturtlebot3_msgs__rosidl_typesupport_introspection_cpp.so
[1.210s] -- Up-to-date: /home/brunofarias/turtlebot3_ws/install/turtlebot3_msgs/lib/libturtlebot3_msgs__rosidl_typesupport_cpp.so
[1.252s] -- Up-to-date: /home/brunofarias/turtlebot3_ws/install/turtlebot3_msgs/share/turtlebot3_msgs/cmake/turtlebot3_msgs__rosidl_generator_cExport.cmake
[1.253s] -- Up-to-date: /home/brunofarias/turtlebot3_ws/install/turtlebot3_msgs/share/turtlebot3_msgs/cmake/turtlebot3_msgs__rosidl_generator_cExport-noconfig.cmake
[1.253s] -- Up-to-date: /home/brunofarias/turtlebot3_ws/install/turtlebot3_msgs/share/turtlebot3_msgs/cmake/turtlebot3_msgs__rosidl_typesupport_introspection_cExport.cmake
[1.253s] -- Up-to-date: /home/brunofarias/turtlebot3_ws/install/turtlebot3_msgs/share/turtlebot3_msgs/cmake/turtlebot3_msgs__rosidl_typesupport_introspection_cExport-noconfig.cmake
[1.253s] -- Up-to-date: /home/brunofarias/turtlebot3_ws/install/turtlebot3_msgs/share/turtlebot3_msgs/cmake/turtlebot3_msgs__rosidl_typesupport_cExport.cmake
[1.253s] -- Up-to-date: /home/brunofarias/turtlebot3_ws/install/turtlebot3_msgs/share/turtlebot3_msgs/cmake/turtlebot3_msgs__rosidl_typesupport_cExport-noconfig.cmake
[1.253s] -- Up-to-date: /home/brunofarias/turtlebot3_ws/install/turtlebot3_msgs/share/turtlebot3_msgs/cmake/turtlebot3_msgs__rosidl_generator_cppExport.cmake
[1.253s] -- Up-to-date: /home/brunofarias/turtlebot3_ws/install/turtlebot3_msgs/share/turtlebot3_msgs/cmake/turtlebot3_msgs__rosidl_typesupport_introspection_cppExport.cmake
[1.253s] -- Up-to-date: /home/brunofarias/turtlebot3_ws/install/turtlebot3_msgs/share/turtlebot3_msgs/cmake/turtlebot3_msgs__rosidl_typesupport_introspection_cppExport-noconfig.cmake
[1.253s] -- Up-to-date: /home/brunofarias/turtlebot3_ws/install/turtlebot3_msgs/share/turtlebot3_msgs/cmake/turtlebot3_msgs__rosidl_typesupport_cppExport.cmake
[1.253s] -- Up-to-date: /home/brunofarias/turtlebot3_ws/install/turtlebot3_msgs/share/turtlebot3_msgs/cmake/turtlebot3_msgs__rosidl_typesupport_cppExport-noconfig.cmake
[1.823s] Invoked command in '/home/brunofarias/turtlebot3_ws/build/turtlebot3_msgs' returned '0': CMAKE_PREFIX_PATH=${CMAKE_PREFIX_PATH}:/home/brunofarias/turtlebot3_ws/install/pkg_laser:/home/brunofarias/turtlebot3_ws/install/turtlebot3_teleop:/home/brunofarias/turtlebot3_ws/install/turtlebot3_example:/home/brunofarias/workspace/install/my_package:/home/brunofarias/workspace/install/custom_turtle:/opt/ros/galactic /usr/bin/cmake --install /home/brunofarias/turtlebot3_ws/build/turtlebot3_msgs
