[0.044s] Invoking command in '/home/brunofarias/turtlebot3_ws/build/turtlebot3_simulations': AMENT_PREFIX_PATH=/home/brunofarias/turtlebot3_ws/install/turtlebot3_fake_node:/home/brunofarias/turtlebot3_ws/install/turtlebot3_msgs:/home/brunofarias/turtlebot3_ws/install/turtlebot3_gazebo:${AMENT_PREFIX_PATH} CMAKE_PREFIX_PATH=/home/brunofarias/turtlebot3_ws/install/turtlebot3_fake_node:/home/brunofarias/turtlebot3_ws/install/turtlebot3_msgs:/home/brunofarias/turtlebot3_ws/install/turtlebot3_gazebo:/opt/ros/galactic LD_LIBRARY_PATH=/home/brunofarias/turtlebot3_ws/install/turtlebot3_msgs/lib:${LD_LIBRARY_PATH} PYTHONPATH=/home/brunofarias/turtlebot3_ws/install/turtlebot3_msgs/lib/python3.8/site-packages:${PYTHONPATH} /usr/bin/cmake --build /home/brunofarias/turtlebot3_ws/build/turtlebot3_simulations -- -j4 -l4
[0.098s] Invoked command in '/home/brunofarias/turtlebot3_ws/build/turtlebot3_simulations' returned '0': AMENT_PREFIX_PATH=/home/brunofarias/turtlebot3_ws/install/turtlebot3_fake_node:/home/brunofarias/turtlebot3_ws/install/turtlebot3_msgs:/home/brunofarias/turtlebot3_ws/install/turtlebot3_gazebo:${AMENT_PREFIX_PATH} CMAKE_PREFIX_PATH=/home/brunofarias/turtlebot3_ws/install/turtlebot3_fake_node:/home/brunofarias/turtlebot3_ws/install/turtlebot3_msgs:/home/brunofarias/turtlebot3_ws/install/turtlebot3_gazebo:/opt/ros/galactic LD_LIBRARY_PATH=/home/brunofarias/turtlebot3_ws/install/turtlebot3_msgs/lib:${LD_LIBRARY_PATH} PYTHONPATH=/home/brunofarias/turtlebot3_ws/install/turtlebot3_msgs/lib/python3.8/site-packages:${PYTHONPATH} /usr/bin/cmake --build /home/brunofarias/turtlebot3_ws/build/turtlebot3_simulations -- -j4 -l4
[0.138s] Invoking command in '/home/brunofarias/turtlebot3_ws/build/turtlebot3_simulations': AMENT_PREFIX_PATH=/home/brunofarias/turtlebot3_ws/install/turtlebot3_fake_node:/home/brunofarias/turtlebot3_ws/install/turtlebot3_msgs:/home/brunofarias/turtlebot3_ws/install/turtlebot3_gazebo:${AMENT_PREFIX_PATH} CMAKE_PREFIX_PATH=/home/brunofarias/turtlebot3_ws/install/turtlebot3_fake_node:/home/brunofarias/turtlebot3_ws/install/turtlebot3_msgs:/home/brunofarias/turtlebot3_ws/install/turtlebot3_gazebo:/opt/ros/galactic LD_LIBRARY_PATH=/home/brunofarias/turtlebot3_ws/install/turtlebot3_msgs/lib:${LD_LIBRARY_PATH} PYTHONPATH=/home/brunofarias/turtlebot3_ws/install/turtlebot3_msgs/lib/python3.8/site-packages:${PYTHONPATH} /usr/bin/cmake --install /home/brunofarias/turtlebot3_ws/build/turtlebot3_simulations
[0.151s] -- Install configuration: ""
[0.152s] -- Execute custom install script
[0.152s] -- Up-to-date symlink: /home/brunofarias/turtlebot3_ws/install/turtlebot3_simulations/share/ament_index/resource_index/package_run_dependencies/turtlebot3_simulations
[0.152s] -- Up-to-date symlink: /home/brunofarias/turtlebot3_ws/install/turtlebot3_simulations/share/ament_index/resource_index/parent_prefix_path/turtlebot3_simulations
[0.153s] -- Up-to-date symlink: /home/brunofarias/turtlebot3_ws/install/turtlebot3_simulations/share/turtlebot3_simulations/environment/ament_prefix_path.sh
[0.153s] -- Up-to-date symlink: /home/brunofarias/turtlebot3_ws/install/turtlebot3_simulations/share/turtlebot3_simulations/environment/ament_prefix_path.dsv
[0.153s] -- Up-to-date symlink: /home/brunofarias/turtlebot3_ws/install/turtlebot3_simulations/share/turtlebot3_simulations/environment/path.sh
[0.154s] -- Up-to-date symlink: /home/brunofarias/turtlebot3_ws/install/turtlebot3_simulations/share/turtlebot3_simulations/environment/path.dsv
[0.154s] -- Up-to-date symlink: /home/brunofarias/turtlebot3_ws/install/turtlebot3_simulations/share/turtlebot3_simulations/local_setup.bash
[0.154s] -- Up-to-date symlink: /home/brunofarias/turtlebot3_ws/install/turtlebot3_simulations/share/turtlebot3_simulations/local_setup.sh
[0.155s] -- Up-to-date symlink: /home/brunofarias/turtlebot3_ws/install/turtlebot3_simulations/share/turtlebot3_simulations/local_setup.zsh
[0.155s] -- Up-to-date symlink: /home/brunofarias/turtlebot3_ws/install/turtlebot3_simulations/share/turtlebot3_simulations/local_setup.dsv
[0.155s] -- Symlinking: /home/brunofarias/turtlebot3_ws/install/turtlebot3_simulations/share/turtlebot3_simulations/package.dsv
[0.168s] -- Up-to-date symlink: /home/brunofarias/turtlebot3_ws/install/turtlebot3_simulations/share/ament_index/resource_index/packages/turtlebot3_simulations
[0.169s] -- Up-to-date symlink: /home/brunofarias/turtlebot3_ws/install/turtlebot3_simulations/share/turtlebot3_simulations/cmake/turtlebot3_simulationsConfig.cmake
[0.169s] -- Up-to-date symlink: /home/brunofarias/turtlebot3_ws/install/turtlebot3_simulations/share/turtlebot3_simulations/cmake/turtlebot3_simulationsConfig-version.cmake
[0.169s] -- Up-to-date symlink: /home/brunofarias/turtlebot3_ws/install/turtlebot3_simulations/share/turtlebot3_simulations/package.xml
[0.185s] Invoked command in '/home/brunofarias/turtlebot3_ws/build/turtlebot3_simulations' returned '0': AMENT_PREFIX_PATH=/home/brunofarias/turtlebot3_ws/install/turtlebot3_fake_node:/home/brunofarias/turtlebot3_ws/install/turtlebot3_msgs:/home/brunofarias/turtlebot3_ws/install/turtlebot3_gazebo:${AMENT_PREFIX_PATH} CMAKE_PREFIX_PATH=/home/brunofarias/turtlebot3_ws/install/turtlebot3_fake_node:/home/brunofarias/turtlebot3_ws/install/turtlebot3_msgs:/home/brunofarias/turtlebot3_ws/install/turtlebot3_gazebo:/opt/ros/galactic LD_LIBRARY_PATH=/home/brunofarias/turtlebot3_ws/install/turtlebot3_msgs/lib:${LD_LIBRARY_PATH} PYTHONPATH=/home/brunofarias/turtlebot3_ws/install/turtlebot3_msgs/lib/python3.8/site-packages:${PYTHONPATH} /usr/bin/cmake --install /home/brunofarias/turtlebot3_ws/build/turtlebot3_simulations
