[0.068s] Invoking command in '/home/brunofarias/turtlebot3_ws/build/turtlebot3_description': CMAKE_PREFIX_PATH=${CMAKE_PREFIX_PATH}:/home/brunofarias/turtlebot3_ws/install/turtlebot3_teleop:/home/brunofarias/turtlebot3_ws/install/turtlebot3_example:/home/brunofarias/workspace/install/my_package:/home/brunofarias/workspace/install/custom_turtle:/opt/ros/galactic /usr/bin/cmake /home/brunofarias/turtlebot3_ws/src/turtlebot3/turtlebot3/turtlebot3_description -DCMAKE_INSTALL_PREFIX=/home/brunofarias/turtlebot3_ws/install/turtlebot3_description
[0.091s] -- Found ament_cmake: 1.1.5 (/opt/ros/galactic/share/ament_cmake/cmake)
[0.135s] -- Using PYTHON_EXECUTABLE: /usr/bin/python3
[0.205s] -- Override CMake install command with custom implementation using symlinks instead of copying resources
[0.270s] -- Found urdf: 2.5.2 (/opt/ros/galactic/share/urdf/cmake)
[0.556s] -- Configuring done
[0.560s] -- Generating done
[0.561s] -- Build files have been written to: /home/brunofarias/turtlebot3_ws/build/turtlebot3_description
[0.567s] Invoked command in '/home/brunofarias/turtlebot3_ws/build/turtlebot3_description' returned '0': CMAKE_PREFIX_PATH=${CMAKE_PREFIX_PATH}:/home/brunofarias/turtlebot3_ws/install/turtlebot3_teleop:/home/brunofarias/turtlebot3_ws/install/turtlebot3_example:/home/brunofarias/workspace/install/my_package:/home/brunofarias/workspace/install/custom_turtle:/opt/ros/galactic /usr/bin/cmake /home/brunofarias/turtlebot3_ws/src/turtlebot3/turtlebot3/turtlebot3_description -DCMAKE_INSTALL_PREFIX=/home/brunofarias/turtlebot3_ws/install/turtlebot3_description
[0.568s] Invoking command in '/home/brunofarias/turtlebot3_ws/build/turtlebot3_description': CMAKE_PREFIX_PATH=${CMAKE_PREFIX_PATH}:/home/brunofarias/turtlebot3_ws/install/turtlebot3_teleop:/home/brunofarias/turtlebot3_ws/install/turtlebot3_example:/home/brunofarias/workspace/install/my_package:/home/brunofarias/workspace/install/custom_turtle:/opt/ros/galactic /usr/bin/cmake --build /home/brunofarias/turtlebot3_ws/build/turtlebot3_description -- -j4 -l4
[0.614s] Invoked command in '/home/brunofarias/turtlebot3_ws/build/turtlebot3_description' returned '0': CMAKE_PREFIX_PATH=${CMAKE_PREFIX_PATH}:/home/brunofarias/turtlebot3_ws/install/turtlebot3_teleop:/home/brunofarias/turtlebot3_ws/install/turtlebot3_example:/home/brunofarias/workspace/install/my_package:/home/brunofarias/workspace/install/custom_turtle:/opt/ros/galactic /usr/bin/cmake --build /home/brunofarias/turtlebot3_ws/build/turtlebot3_description -- -j4 -l4
[0.640s] Invoking command in '/home/brunofarias/turtlebot3_ws/build/turtlebot3_description': CMAKE_PREFIX_PATH=${CMAKE_PREFIX_PATH}:/home/brunofarias/turtlebot3_ws/install/turtlebot3_teleop:/home/brunofarias/turtlebot3_ws/install/turtlebot3_example:/home/brunofarias/workspace/install/my_package:/home/brunofarias/workspace/install/custom_turtle:/opt/ros/galactic /usr/bin/cmake --install /home/brunofarias/turtlebot3_ws/build/turtlebot3_description
[0.649s] -- Install configuration: ""
[0.649s] -- Execute custom install script
[0.675s] -- Up-to-date symlink: /home/brunofarias/turtlebot3_ws/install/turtlebot3_description/share/turtlebot3_description/meshes/bases/burger_base.stl
[0.675s] -- Up-to-date symlink: /home/brunofarias/turtlebot3_ws/install/turtlebot3_description/share/turtlebot3_description/meshes/bases/waffle_base.stl
[0.676s] -- Up-to-date symlink: /home/brunofarias/turtlebot3_ws/install/turtlebot3_description/share/turtlebot3_description/meshes/bases/waffle_pi_base.stl
[0.690s] -- Up-to-date symlink: /home/brunofarias/turtlebot3_ws/install/turtlebot3_description/share/turtlebot3_description/meshes/sensors/astra.dae
[0.690s] -- Up-to-date symlink: /home/brunofarias/turtlebot3_ws/install/turtlebot3_description/share/turtlebot3_description/meshes/sensors/astra.jpg
[0.691s] -- Up-to-date symlink: /home/brunofarias/turtlebot3_ws/install/turtlebot3_description/share/turtlebot3_description/meshes/sensors/lds.stl
[0.691s] -- Up-to-date symlink: /home/brunofarias/turtlebot3_ws/install/turtlebot3_description/share/turtlebot3_description/meshes/sensors/r200.dae
[0.705s] -- Up-to-date symlink: /home/brunofarias/turtlebot3_ws/install/turtlebot3_description/share/turtlebot3_description/meshes/sensors/r200.jpg
[0.709s] -- Up-to-date symlink: /home/brunofarias/turtlebot3_ws/install/turtlebot3_description/share/turtlebot3_description/meshes/wheels/left_tire.stl
[0.709s] -- Up-to-date symlink: /home/brunofarias/turtlebot3_ws/install/turtlebot3_description/share/turtlebot3_description/meshes/wheels/right_tire.stl
[0.722s] -- Up-to-date symlink: /home/brunofarias/turtlebot3_ws/install/turtlebot3_description/share/turtlebot3_description/rviz/model.rviz
[0.724s] -- Up-to-date symlink: /home/brunofarias/turtlebot3_ws/install/turtlebot3_description/share/turtlebot3_description/urdf/common_properties.urdf
[0.724s] -- Up-to-date symlink: /home/brunofarias/turtlebot3_ws/install/turtlebot3_description/share/turtlebot3_description/urdf/turtlebot3_burger.urdf
[0.742s] -- Up-to-date symlink: /home/brunofarias/turtlebot3_ws/install/turtlebot3_description/share/turtlebot3_description/urdf/turtlebot3_waffle.urdf
[0.748s] -- Up-to-date symlink: /home/brunofarias/turtlebot3_ws/install/turtlebot3_description/share/turtlebot3_description/urdf/turtlebot3_waffle_pi.urdf
[0.749s] -- Up-to-date symlink: /home/brunofarias/turtlebot3_ws/install/turtlebot3_description/share/ament_index/resource_index/package_run_dependencies/turtlebot3_description
[0.752s] -- Up-to-date symlink: /home/brunofarias/turtlebot3_ws/install/turtlebot3_description/share/ament_index/resource_index/parent_prefix_path/turtlebot3_description
[0.752s] -- Up-to-date symlink: /home/brunofarias/turtlebot3_ws/install/turtlebot3_description/share/turtlebot3_description/environment/ament_prefix_path.sh
[0.752s] -- Up-to-date symlink: /home/brunofarias/turtlebot3_ws/install/turtlebot3_description/share/turtlebot3_description/environment/ament_prefix_path.dsv
[0.752s] -- Up-to-date symlink: /home/brunofarias/turtlebot3_ws/install/turtlebot3_description/share/turtlebot3_description/environment/path.sh
[0.761s] -- Up-to-date symlink: /home/brunofarias/turtlebot3_ws/install/turtlebot3_description/share/turtlebot3_description/environment/path.dsv
[0.761s] -- Up-to-date symlink: /home/brunofarias/turtlebot3_ws/install/turtlebot3_description/share/turtlebot3_description/local_setup.bash
[0.761s] -- Up-to-date symlink: /home/brunofarias/turtlebot3_ws/install/turtlebot3_description/share/turtlebot3_description/local_setup.sh
[0.761s] -- Up-to-date symlink: /home/brunofarias/turtlebot3_ws/install/turtlebot3_description/share/turtlebot3_description/local_setup.zsh
[0.762s] -- Up-to-date symlink: /home/brunofarias/turtlebot3_ws/install/turtlebot3_description/share/turtlebot3_description/local_setup.dsv
[0.762s] -- Symlinking: /home/brunofarias/turtlebot3_ws/install/turtlebot3_description/share/turtlebot3_description/package.dsv
[0.774s] -- Up-to-date symlink: /home/brunofarias/turtlebot3_ws/install/turtlebot3_description/share/ament_index/resource_index/packages/turtlebot3_description
[0.775s] -- Up-to-date symlink: /home/brunofarias/turtlebot3_ws/install/turtlebot3_description/share/turtlebot3_description/cmake/turtlebot3_descriptionConfig.cmake
[0.776s] -- Up-to-date symlink: /home/brunofarias/turtlebot3_ws/install/turtlebot3_description/share/turtlebot3_description/cmake/turtlebot3_descriptionConfig-version.cmake
[0.776s] -- Up-to-date symlink: /home/brunofarias/turtlebot3_ws/install/turtlebot3_description/share/turtlebot3_description/package.xml
[0.781s] Invoked command in '/home/brunofarias/turtlebot3_ws/build/turtlebot3_description' returned '0': CMAKE_PREFIX_PATH=${CMAKE_PREFIX_PATH}:/home/brunofarias/turtlebot3_ws/install/turtlebot3_teleop:/home/brunofarias/turtlebot3_ws/install/turtlebot3_example:/home/brunofarias/workspace/install/my_package:/home/brunofarias/workspace/install/custom_turtle:/opt/ros/galactic /usr/bin/cmake --install /home/brunofarias/turtlebot3_ws/build/turtlebot3_description
