[1.058s] Invoking command in '/home/brunofarias/turtlebot3_ws/build/turtlebot3_teleop': PYTHONPATH=/home/brunofarias/turtlebot3_ws/install/turtlebot3_teleop/lib/python3.8/site-packages:${PYTHONPATH} /usr/bin/python3 setup.py develop --prefix /home/brunofarias/turtlebot3_ws/install/turtlebot3_teleop --uninstall --editable --build-directory /home/brunofarias/turtlebot3_ws/build/turtlebot3_teleop/build
[1.380s] running develop
[1.608s] Invoked command in '/home/brunofarias/turtlebot3_ws/build/turtlebot3_teleop' returned '0': PYTHONPATH=/home/brunofarias/turtlebot3_ws/install/turtlebot3_teleop/lib/python3.8/site-packages:${PYTHONPATH} /usr/bin/python3 setup.py develop --prefix /home/brunofarias/turtlebot3_ws/install/turtlebot3_teleop --uninstall --editable --build-directory /home/brunofarias/turtlebot3_ws/build/turtlebot3_teleop/build
[1.609s] Invoking command in '/home/brunofarias/turtlebot3_ws/src/turtlebot3/turtlebot3/turtlebot3_teleop': PYTHONPATH=/home/brunofarias/turtlebot3_ws/install/turtlebot3_teleop/lib/python3.8/site-packages:${PYTHONPATH} /usr/bin/python3 setup.py egg_info --egg-base ../../../../build/turtlebot3_teleop build --build-base /home/brunofarias/turtlebot3_ws/build/turtlebot3_teleop/build install --prefix /home/brunofarias/turtlebot3_ws/install/turtlebot3_teleop --record /home/brunofarias/turtlebot3_ws/build/turtlebot3_teleop/install.log --single-version-externally-managed
[1.870s] running egg_info
[1.870s] writing ../../../../build/turtlebot3_teleop/turtlebot3_teleop.egg-info/PKG-INFO
[1.870s] writing dependency_links to ../../../../build/turtlebot3_teleop/turtlebot3_teleop.egg-info/dependency_links.txt
[1.870s] writing entry points to ../../../../build/turtlebot3_teleop/turtlebot3_teleop.egg-info/entry_points.txt
[1.871s] writing requirements to ../../../../build/turtlebot3_teleop/turtlebot3_teleop.egg-info/requires.txt
[1.871s] writing top-level names to ../../../../build/turtlebot3_teleop/turtlebot3_teleop.egg-info/top_level.txt
[1.908s] reading manifest file '../../../../build/turtlebot3_teleop/turtlebot3_teleop.egg-info/SOURCES.txt'
[1.908s] writing manifest file '../../../../build/turtlebot3_teleop/turtlebot3_teleop.egg-info/SOURCES.txt'
[1.908s] running build
[1.909s] running build_py
[1.909s] running install
[1.910s] running install_lib
[1.911s] running install_data
[1.912s] running install_egg_info
[1.914s] removing '/home/brunofarias/turtlebot3_ws/install/turtlebot3_teleop/lib/python3.8/site-packages/turtlebot3_teleop-2.1.4-py3.8.egg-info' (and everything under it)
[1.914s] Copying ../../../../build/turtlebot3_teleop/turtlebot3_teleop.egg-info to /home/brunofarias/turtlebot3_ws/install/turtlebot3_teleop/lib/python3.8/site-packages/turtlebot3_teleop-2.1.4-py3.8.egg-info
[1.917s] running install_scripts
[1.937s] Installing teleop_keyboard script to /home/brunofarias/turtlebot3_ws/install/turtlebot3_teleop/lib/turtlebot3_teleop
[1.937s] writing list of installed files to '/home/brunofarias/turtlebot3_ws/build/turtlebot3_teleop/install.log'
[1.963s] Invoked command in '/home/brunofarias/turtlebot3_ws/src/turtlebot3/turtlebot3/turtlebot3_teleop' returned '0': PYTHONPATH=/home/brunofarias/turtlebot3_ws/install/turtlebot3_teleop/lib/python3.8/site-packages:${PYTHONPATH} /usr/bin/python3 setup.py egg_info --egg-base ../../../../build/turtlebot3_teleop build --build-base /home/brunofarias/turtlebot3_ws/build/turtlebot3_teleop/build install --prefix /home/brunofarias/turtlebot3_ws/install/turtlebot3_teleop --record /home/brunofarias/turtlebot3_ws/build/turtlebot3_teleop/install.log --single-version-externally-managed
