[0.027s] Invoking command in '/home/brunofarias/turtlebot3_ws/build/turtlebot3_description': CMAKE_PREFIX_PATH=/home/brunofarias/workspace/install/my_package:/home/brunofarias/workspace/install/custom_turtle:/opt/ros/galactic /usr/bin/cmake /home/brunofarias/turtlebot3_ws/src/turtlebot3/turtlebot3/turtlebot3_description -DAMENT_CMAKE_SYMLINK_INSTALL=1 -DCMAKE_INSTALL_PREFIX=/home/brunofarias/turtlebot3_ws/install/turtlebot3_description
[0.109s] -- The C compiler identification is GNU 9.4.0
[0.183s] -- The CXX compiler identification is GNU 9.4.0
[0.188s] -- Check for working C compiler: /usr/bin/cc
[0.282s] -- Check for working C compiler: /usr/bin/cc -- works
[0.282s] -- Detecting C compiler ABI info
[0.371s] -- Detecting C compiler ABI info - done
[0.381s] -- Detecting C compile features
[0.382s] -- Detecting C compile features - done
[0.384s] -- Check for working CXX compiler: /usr/bin/c++
[0.480s] -- Check for working CXX compiler: /usr/bin/c++ -- works
[0.482s] -- Detecting CXX compiler ABI info
[0.584s] -- Detecting CXX compiler ABI info - done
[0.597s] -- Detecting CXX compile features
[0.597s] -- Detecting CXX compile features - done
[0.713s] -- Found ament_cmake: 1.1.5 (/opt/ros/galactic/share/ament_cmake/cmake)
[0.821s] -- Found PythonInterp: /usr/bin/python3 (found suitable version "3.8.10", minimum required is "3") 
[0.822s] -- Using PYTHON_EXECUTABLE: /usr/bin/python3
[0.976s] -- Override CMake install command with custom implementation using symlinks instead of copying resources
[1.275s] -- Found urdf: 2.5.2 (/opt/ros/galactic/share/urdf/cmake)
[1.706s] -- Configuring done
[1.707s] -- Generating done
[1.708s] -- Build files have been written to: /home/brunofarias/turtlebot3_ws/build/turtlebot3_description
[1.713s] Invoked command in '/home/brunofarias/turtlebot3_ws/build/turtlebot3_description' returned '0': CMAKE_PREFIX_PATH=/home/brunofarias/workspace/install/my_package:/home/brunofarias/workspace/install/custom_turtle:/opt/ros/galactic /usr/bin/cmake /home/brunofarias/turtlebot3_ws/src/turtlebot3/turtlebot3/turtlebot3_description -DAMENT_CMAKE_SYMLINK_INSTALL=1 -DCMAKE_INSTALL_PREFIX=/home/brunofarias/turtlebot3_ws/install/turtlebot3_description
[1.715s] Invoking command in '/home/brunofarias/turtlebot3_ws/build/turtlebot3_description': CMAKE_PREFIX_PATH=/home/brunofarias/workspace/install/my_package:/home/brunofarias/workspace/install/custom_turtle:/opt/ros/galactic /usr/bin/cmake --build /home/brunofarias/turtlebot3_ws/build/turtlebot3_description -- -j4 -l4
[1.758s] Invoked command in '/home/brunofarias/turtlebot3_ws/build/turtlebot3_description' returned '0': CMAKE_PREFIX_PATH=/home/brunofarias/workspace/install/my_package:/home/brunofarias/workspace/install/custom_turtle:/opt/ros/galactic /usr/bin/cmake --build /home/brunofarias/turtlebot3_ws/build/turtlebot3_description -- -j4 -l4
[1.789s] Invoking command in '/home/brunofarias/turtlebot3_ws/build/turtlebot3_description': CMAKE_PREFIX_PATH=/home/brunofarias/workspace/install/my_package:/home/brunofarias/workspace/install/custom_turtle:/opt/ros/galactic /usr/bin/cmake --install /home/brunofarias/turtlebot3_ws/build/turtlebot3_description
[1.799s] -- Install configuration: ""
[1.799s] -- Execute custom install script
[1.800s] -- Symlinking: /home/brunofarias/turtlebot3_ws/install/turtlebot3_description/share/turtlebot3_description/meshes/bases/burger_base.stl
[1.809s] -- Symlinking: /home/brunofarias/turtlebot3_ws/install/turtlebot3_description/share/turtlebot3_description/meshes/bases/waffle_base.stl
[1.817s] -- Symlinking: /home/brunofarias/turtlebot3_ws/install/turtlebot3_description/share/turtlebot3_description/meshes/bases/waffle_pi_base.stl
[1.827s] -- Symlinking: /home/brunofarias/turtlebot3_ws/install/turtlebot3_description/share/turtlebot3_description/meshes/sensors/astra.dae
[1.835s] -- Symlinking: /home/brunofarias/turtlebot3_ws/install/turtlebot3_description/share/turtlebot3_description/meshes/sensors/astra.jpg
[1.844s] -- Symlinking: /home/brunofarias/turtlebot3_ws/install/turtlebot3_description/share/turtlebot3_description/meshes/sensors/lds.stl
[1.852s] -- Symlinking: /home/brunofarias/turtlebot3_ws/install/turtlebot3_description/share/turtlebot3_description/meshes/sensors/r200.dae
[1.861s] -- Symlinking: /home/brunofarias/turtlebot3_ws/install/turtlebot3_description/share/turtlebot3_description/meshes/sensors/r200.jpg
[1.870s] -- Symlinking: /home/brunofarias/turtlebot3_ws/install/turtlebot3_description/share/turtlebot3_description/meshes/wheels/left_tire.stl
[1.879s] -- Symlinking: /home/brunofarias/turtlebot3_ws/install/turtlebot3_description/share/turtlebot3_description/meshes/wheels/right_tire.stl
[1.888s] -- Symlinking: /home/brunofarias/turtlebot3_ws/install/turtlebot3_description/share/turtlebot3_description/rviz/model.rviz
[1.899s] -- Symlinking: /home/brunofarias/turtlebot3_ws/install/turtlebot3_description/share/turtlebot3_description/urdf/common_properties.urdf
[1.907s] -- Symlinking: /home/brunofarias/turtlebot3_ws/install/turtlebot3_description/share/turtlebot3_description/urdf/turtlebot3_burger.urdf
[1.915s] -- Symlinking: /home/brunofarias/turtlebot3_ws/install/turtlebot3_description/share/turtlebot3_description/urdf/turtlebot3_waffle.urdf
[1.924s] -- Symlinking: /home/brunofarias/turtlebot3_ws/install/turtlebot3_description/share/turtlebot3_description/urdf/turtlebot3_waffle_pi.urdf
[1.933s] -- Symlinking: /home/brunofarias/turtlebot3_ws/install/turtlebot3_description/share/ament_index/resource_index/package_run_dependencies/turtlebot3_description
[1.942s] -- Symlinking: /home/brunofarias/turtlebot3_ws/install/turtlebot3_description/share/ament_index/resource_index/parent_prefix_path/turtlebot3_description
[1.951s] -- Symlinking: /home/brunofarias/turtlebot3_ws/install/turtlebot3_description/share/turtlebot3_description/environment/ament_prefix_path.sh
[1.960s] -- Symlinking: /home/brunofarias/turtlebot3_ws/install/turtlebot3_description/share/turtlebot3_description/environment/ament_prefix_path.dsv
[1.969s] -- Symlinking: /home/brunofarias/turtlebot3_ws/install/turtlebot3_description/share/turtlebot3_description/environment/path.sh
[1.978s] -- Symlinking: /home/brunofarias/turtlebot3_ws/install/turtlebot3_description/share/turtlebot3_description/environment/path.dsv
[1.987s] -- Symlinking: /home/brunofarias/turtlebot3_ws/install/turtlebot3_description/share/turtlebot3_description/local_setup.bash
[1.996s] -- Symlinking: /home/brunofarias/turtlebot3_ws/install/turtlebot3_description/share/turtlebot3_description/local_setup.sh
[2.005s] -- Symlinking: /home/brunofarias/turtlebot3_ws/install/turtlebot3_description/share/turtlebot3_description/local_setup.zsh
[2.013s] -- Symlinking: /home/brunofarias/turtlebot3_ws/install/turtlebot3_description/share/turtlebot3_description/local_setup.dsv
[2.022s] -- Symlinking: /home/brunofarias/turtlebot3_ws/install/turtlebot3_description/share/turtlebot3_description/package.dsv
[2.032s] -- Symlinking: /home/brunofarias/turtlebot3_ws/install/turtlebot3_description/share/ament_index/resource_index/packages/turtlebot3_description
[2.042s] -- Symlinking: /home/brunofarias/turtlebot3_ws/install/turtlebot3_description/share/turtlebot3_description/cmake/turtlebot3_descriptionConfig.cmake
[2.051s] -- Symlinking: /home/brunofarias/turtlebot3_ws/install/turtlebot3_description/share/turtlebot3_description/cmake/turtlebot3_descriptionConfig-version.cmake
[2.060s] -- Symlinking: /home/brunofarias/turtlebot3_ws/install/turtlebot3_description/share/turtlebot3_description/package.xml
[2.070s] Invoked command in '/home/brunofarias/turtlebot3_ws/build/turtlebot3_description' returned '0': CMAKE_PREFIX_PATH=/home/brunofarias/workspace/install/my_package:/home/brunofarias/workspace/install/custom_turtle:/opt/ros/galactic /usr/bin/cmake --install /home/brunofarias/turtlebot3_ws/build/turtlebot3_description
